This is e-upTeX, Version 3.141592653-p4.1.2-u2.00-250202-2.6 (utf8.sjis) (TeX Live 2025) (preloaded format=platex 2025.7.7)  1 AUG 2025 16:41
entering extended mode
 restricted \write18 enabled.
 %&-line parsing enabled.
**MCS4_System_TRM.tex
(./MCS4_System_TRM.tex
pLaTeX2e <2023-02-14>+1, based on
LaTeX2e <2025-06-01> patch level 1
L3 programming layer <2025-06-09>
(c:/texlive/2025/texmf-dist/tex/latex/base/book.cls
Document Class: book 2025/01/22 v1.4n Standard LaTeX document class
(c:/texlive/2025/texmf-dist/tex/latex/base/bk12.clo
File: bk12.clo 2025/01/22 v1.4n Standard LaTeX file (size option)
)
\c@part=\count274
\c@chapter=\count275
\c@section=\count276
\c@subsection=\count277
\c@subsubsection=\count278
\c@paragraph=\count279
\c@subparagraph=\count280
\c@figure=\count281
\c@table=\count282
\abovecaptionskip=\skip49
\belowcaptionskip=\skip50
\bibindent=\dimen164
)
(c:/texlive/2025/texmf-dist/tex/latex/base/fontenc.sty
Package: fontenc 2024/12/21 v2.1c Standard LaTeX package
)
(c:/texlive/2025/texmf-dist/tex/latex/graphics/graphicx.sty
Package: graphicx 2024/12/31 v1.2e Enhanced LaTeX Graphics (DPC,SPQR)

(c:/texlive/2025/texmf-dist/tex/latex/graphics/keyval.sty
Package: keyval 2022/05/29 v1.15 key=value parser (DPC)
\KV@toks@=\toks18
)
(c:/texlive/2025/texmf-dist/tex/latex/graphics/graphics.sty
Package: graphics 2024/08/06 v1.4g Standard LaTeX Graphics (DPC,SPQR)

(c:/texlive/2025/texmf-dist/tex/latex/graphics/trig.sty
Package: trig 2023/12/02 v1.11 sin cos tan (DPC)
)
(c:/texlive/2025/texmf-dist/tex/latex/graphics-cfg/graphics.cfg
File: graphics.cfg 2016/06/04 v1.11 sample graphics configuration
)
Package graphics Info: Driver file: dvipdfmx.def on input line 106.

(c:/texlive/2025/texmf-dist/tex/latex/graphics-def/dvipdfmx.def
File: dvipdfmx.def 2022/09/22 v5.0m Graphics/color driver for dvipdfmx
))
\Gin@req@height=\dimen165
\Gin@req@width=\dimen166
)
(c:/texlive/2025/texmf-dist/tex/latex/graphics/color.sty
Package: color 2025/01/14 v1.3e Standard LaTeX Color (DPC)

(c:/texlive/2025/texmf-dist/tex/latex/graphics-cfg/color.cfg
File: color.cfg 2016/01/02 v1.6 sample color configuration
)
Package color Info: Driver file: dvipdfmx.def on input line 149.

(c:/texlive/2025/texmf-dist/tex/latex/graphics/dvipsnam.def
File: dvipsnam.def 2016/06/17 v3.0m Driver-dependent file (DPC,SPQR)
)
(c:/texlive/2025/texmf-dist/tex/latex/graphics/mathcolor.ltx))
(c:/texlive/2025/texmf-dist/tex/latex/hyphenat/hyphenat.sty
Package: hyphenat 2009/09/02 v2.3c hyphenation utilities


Package hyphenat Warning: *******************************
(hyphenat)                * You have used the htt option.
(hyphenat)                * You are likely to get many Font Warning messages.
(hyphenat)                * These can usually be ignored.
(hyphenat)                *******************************.

\langwohyphens=\language90
LaTeX Info: Redefining \_ on input line 43.
) (c:/texlive/2025/texmf-dist/tex/latex/moreverb/moreverb.sty
Package: moreverb 2008/06/03 v2.3a `more' verbatim facilities

(c:/texlive/2025/texmf-dist/tex/latex/tools/verbatim.sty
Package: verbatim 2024-01-22 v1.5x LaTeX2e package for verbatim enhancements
\every@verbatim=\toks19
\verbatim@line=\toks20
\verbatim@in@stream=\read2
)
\tab@position=\count283
\tab@size=\count284
\listing@line=\count285
)
(c:/texlive/2025/texmf-dist/tex/latex/makecell/makecell.sty
Package: makecell 2009/08/03 V0.1e Managing of Tab Column Heads and Cells

(c:/texlive/2025/texmf-dist/tex/latex/tools/array.sty
Package: array 2025/06/08 v2.6j Tabular extension package (FMi)
\col@sep=\dimen167
\ar@mcellbox=\box70
\extrarowheight=\dimen168
\NC@list=\toks21
\extratabsurround=\skip51
\backup@length=\skip52
\ar@cellbox=\box71
)
\rotheadsize=\dimen169
\c@nlinenum=\count286
\TeXr@lab=\toks22
)
(c:/texlive/2025/texmf-dist/tex/latex/comment/comment.sty
\CommentStream=\write3

Excluding comment 'comment')
(c:/texlive/2025/texmf-dist/tex/latex/base/inputenc.sty
Package: inputenc 2024/02/08 v1.3d Input encoding file
\inpenc@prehook=\toks23
\inpenc@posthook=\toks24
)
(c:/texlive/2025/texmf-dist/tex/latex/lm/lmodern.sty
Package: lmodern 2015/05/01 v1.6.1 Latin Modern Fonts
LaTeX Font Info:    Overwriting symbol font `operators' in version `normal'
(Font)                  OT1/cmr/m/n --> OT1/lmr/m/n on input line 22.
LaTeX Font Info:    Overwriting symbol font `letters' in version `normal'
(Font)                  OML/cmm/m/it --> OML/lmm/m/it on input line 23.
LaTeX Font Info:    Overwriting symbol font `symbols' in version `normal'
(Font)                  OMS/cmsy/m/n --> OMS/lmsy/m/n on input line 24.
LaTeX Font Info:    Overwriting symbol font `largesymbols' in version `normal'
(Font)                  OMX/cmex/m/n --> OMX/lmex/m/n on input line 25.
LaTeX Font Info:    Overwriting symbol font `operators' in version `bold'
(Font)                  OT1/cmr/bx/n --> OT1/lmr/bx/n on input line 26.
LaTeX Font Info:    Overwriting symbol font `letters' in version `bold'
(Font)                  OML/cmm/b/it --> OML/lmm/b/it on input line 27.
LaTeX Font Info:    Overwriting symbol font `symbols' in version `bold'
(Font)                  OMS/cmsy/b/n --> OMS/lmsy/b/n on input line 28.
LaTeX Font Info:    Overwriting symbol font `largesymbols' in version `bold'
(Font)                  OMX/cmex/m/n --> OMX/lmex/m/n on input line 29.
LaTeX Font Info:    Overwriting math alphabet `\mathbf' in version `normal'
(Font)                  OT1/cmr/bx/n --> OT1/lmr/bx/n on input line 31.
LaTeX Font Info:    Overwriting math alphabet `\mathsf' in version `normal'
(Font)                  OT1/cmss/m/n --> OT1/lmss/m/n on input line 32.
LaTeX Font Info:    Overwriting math alphabet `\mathit' in version `normal'
(Font)                  OT1/cmr/m/it --> OT1/lmr/m/it on input line 33.
LaTeX Font Info:    Overwriting math alphabet `\mathtt' in version `normal'
(Font)                  OT1/cmtt/m/n --> OT1/lmtt/m/n on input line 34.
LaTeX Font Info:    Overwriting math alphabet `\mathbf' in version `bold'
(Font)                  OT1/cmr/bx/n --> OT1/lmr/bx/n on input line 35.
LaTeX Font Info:    Overwriting math alphabet `\mathsf' in version `bold'
(Font)                  OT1/cmss/bx/n --> OT1/lmss/bx/n on input line 36.
LaTeX Font Info:    Overwriting math alphabet `\mathit' in version `bold'
(Font)                  OT1/cmr/bx/it --> OT1/lmr/bx/it on input line 37.
LaTeX Font Info:    Overwriting math alphabet `\mathtt' in version `bold'
(Font)                  OT1/cmtt/m/n --> OT1/lmtt/m/n on input line 38.
)
(c:/texlive/2025/texmf-dist/tex/generic/babel/babel.sty
Package: babel 2025/06/10 v25.10 The multilingual framework for pdfLaTeX, LuaLa
TeX and XeLaTeX
\babel@savecnt=\count287
LaTeX Encoding Info:    Redeclaring text command \ij (encoding OT1) on input li
ne 2043.
LaTeX Encoding Info:    Redeclaring text command \IJ (encoding OT1) on input li
ne 2045.
LaTeX Encoding Info:    Redeclaring text command \ij (encoding T1) on input lin
e 2047.
LaTeX Encoding Info:    Redeclaring text command \IJ (encoding T1) on input lin
e 2048.
LaTeX Encoding Info:    Ignoring declaration for text command \ij (encoding ?) 
on input line 2049.
LaTeX Encoding Info:    Ignoring declaration for text command \IJ (encoding ?) 
on input line 2051.
LaTeX Encoding Info:    Ignoring declaration for text command \SS (encoding ?) 
on input line 2076.
\U@D=\dimen170
\l@unhyphenated=\language91

(c:/texlive/2025/texmf-dist/tex/generic/babel/txtbabel.def)
\bbl@readstream=\read3
\bbl@dirlevel=\count288

(c:/texlive/2025/texmf-dist/tex/generic/babel-english/english.ldf
Language: english 2017/06/06 v3.3r English support from the babel system

(c:/texlive/2025/texmf-dist/tex/generic/babel/locale/en/babel-english.tex
Package babel Info: Importing font and identification data for english
(babel)             from babel-en.ini. Reported on input line 11.
)
Package babel Info: Hyphen rules for 'canadian' set to \l@english
(babel)             (\language0). Reported on input line 102.
Package babel Info: Hyphen rules for 'australian' set to \l@ukenglish
(babel)             (\language22). Reported on input line 105.
Package babel Info: Hyphen rules for 'newzealand' set to \l@ukenglish
(babel)             (\language22). Reported on input line 108.
))
(c:/texlive/2025/texmf-dist/tex/latex/vtable/vtable.sty
Package: vtable 

(c:/texlive/2025/texmf-dist/tex/latex/varwidth/varwidth.sty
Package: varwidth 2009/03/30 ver 0.92;  Variable-width minipages
\@vwid@box=\box72
\sift@deathcycles=\count289
\@vwid@loff=\dimen171
\@vwid@roff=\dimen172
)
==> First Aid for varwidth.sty applied!
(c:/texlive/2025/texmf-dist/tex/latex/dashrule/dashrule.sty
Package: dashrule 2013/03/28 v1.3 Dashed rules

(c:/texlive/2025/texmf-dist/tex/latex/ifmtarg/ifmtarg.sty
Package: ifmtarg 2018/04/16 v1.2b check for an empty argument
)
\c@hdr@segments=\count290
)
(c:/texlive/2025/texmf-dist/tex/latex/l3packages/xparse/xparse.sty
(c:/texlive/2025/texmf-dist/tex/latex/l3kernel/expl3.sty
Package: expl3 2025-06-09 L3 programming layer (loader) 

(c:/texlive/2025/texmf-dist/tex/latex/l3backend/l3backend-dvipdfmx.def
File: l3backend-dvipdfmx.def 2025-06-09 L3 backend support: dvipdfmx
\g__graphics_track_int=\count291
\g__pdfannot_backend_int=\count292
\g__pdfannot_backend_link_int=\count293
))
Package: xparse 2024-08-16 L3 Experimental document command parser
)
(c:/texlive/2025/texmf-dist/tex/latex/etoolbox/etoolbox.sty
Package: etoolbox 2025/02/11 v2.5l e-TeX tools for LaTeX (JAW)
\etb@tempcnta=\count294
)
(c:/texlive/2025/texmf-dist/tex/latex/tools/calc.sty
Package: calc 2025/03/01 v4.3b Infix arithmetic (KKT,FJ)
\calc@Acount=\count295
\calc@Bcount=\count296
\calc@Adimen=\dimen173
\calc@Bdimen=\dimen174
\calc@Askip=\skip53
\calc@Bskip=\skip54
LaTeX Info: Redefining \setlength on input line 86.
LaTeX Info: Redefining \addtolength on input line 87.
\calc@Ccount=\count297
\calc@Cskip=\skip55
)
(c:/texlive/2025/texmf-dist/tex/latex/forloop/forloop.sty
Package: forloop 2023/05/03 v3.0 For Loops for LaTeX

(c:/texlive/2025/texmf-dist/tex/latex/base/ifthen.sty
Package: ifthen 2024/03/16 v1.1e Standard LaTeX ifthen package (DPC)
))
(c:/texlive/2025/texmf-dist/tex/generic/alphalph/alphalph.sty
Package: alphalph 2019/12/09 v2.6 Convert numbers to letters (HO)

(c:/texlive/2025/texmf-dist/tex/generic/infwarerr/infwarerr.sty
Package: infwarerr 2019/12/03 v1.5 Providing info/warning/error messages (HO)
)
(c:/texlive/2025/texmf-dist/tex/generic/intcalc/intcalc.sty
Package: intcalc 2019/12/15 v1.3 Expandable calculations with integers (HO)
))
\vtable@RowHeight=\skip56
\vtable@RowInitHeight=\skip57
\vtable@RowForceHeight=\skip58
\vtable@RowTmpHeight=\skip59
\c@vtable@CurrRow=\count298
\c@vtable@CurrColumn=\count299
\c@vtable@State=\count300
\c@vtable@LastRow=\count301
\c@vtable@RowIter=\count302
\vtable@CellBox=\box73
\vtable@CellVBox=\box74
)
(c:/texlive/2025/texmf-dist/tex/latex/colortbl/colortbl.sty
Package: colortbl 2024/10/29 v1.0k Color table columns (DPC)
\everycr=\toks25
\minrowclearance=\skip60
\rownum=\count303
)
(c:/texlive/2025/texmf-dist/tex/latex/xcolor/xcolor.sty
Package: xcolor 2024/09/29 v3.02 LaTeX color extensions (UK)

(c:/texlive/2025/texmf-dist/tex/latex/graphics-cfg/color.cfg
File: color.cfg 2016/01/02 v1.6 sample color configuration
)
Package xcolor Info: Driver file: dvipdfmx.def on input line 274.
LaTeX Info: Redefining \color on input line 762.

(c:/texlive/2025/texmf-dist/tex/latex/graphics/mathcolor.ltx)
Package xcolor Info: Model `cmy' substituted by `cmy0' on input line 1349.
Package xcolor Info: Model `RGB' extended on input line 1365.
Package xcolor Info: Model `HTML' substituted by `rgb' on input line 1367.
Package xcolor Info: Model `Hsb' substituted by `hsb' on input line 1368.
Package xcolor Info: Model `tHsb' substituted by `hsb' on input line 1369.
Package xcolor Info: Model `HSB' substituted by `hsb' on input line 1370.
Package xcolor Info: Model `Gray' substituted by `gray' on input line 1371.
Package xcolor Info: Model `wave' substituted by `hsb' on input line 1372.
)
(c:/texlive/2025/texmf-dist/tex/latex/tools/layout.sty
Package: layout 2023-08-20 v1.2e Show layout parameters
\oneinch=\count304
\cnt@paperwidth=\count305
\cnt@paperheight=\count306
\cnt@hoffset=\count307
\cnt@voffset=\count308
\cnt@textheight=\count309
\cnt@textwidth=\count310
\cnt@topmargin=\count311
\cnt@oddsidemargin=\count312
\cnt@evensidemargin=\count313
\cnt@headheight=\count314
\cnt@headsep=\count315
\cnt@marginparsep=\count316
\cnt@marginparwidth=\count317
\cnt@marginparpush=\count318
\cnt@footskip=\count319
\fheight=\count320
\ref@top=\count321
\ref@hoffset=\count322
\ref@voffset=\count323
\ref@head=\count324
\ref@body=\count325
\ref@foot=\count326
\ref@margin=\count327
\ref@marginwidth=\count328
\ref@marginpar=\count329
\Interval=\count330
\ExtraYPos=\count331
\PositionX=\count332
\PositionY=\count333
\ArrowLength=\count334
)
(c:/texlive/2025/texmf-dist/tex/latex/geometry/geometry.sty
Package: geometry 2020/01/02 v5.9 Page Geometry

(c:/texlive/2025/texmf-dist/tex/generic/iftex/ifvtex.sty
Package: ifvtex 2019/10/25 v1.7 ifvtex legacy package. Use iftex instead.

(c:/texlive/2025/texmf-dist/tex/generic/iftex/iftex.sty
Package: iftex 2024/12/12 v1.0g TeX engine tests
))
\Gm@cnth=\count335
\Gm@cntv=\count336
\c@Gm@tempcnt=\count337
\Gm@bindingoffset=\dimen175
\Gm@wd@mp=\dimen176
\Gm@odd@mp=\dimen177
\Gm@even@mp=\dimen178
\Gm@layoutwidth=\dimen179
\Gm@layoutheight=\dimen180
\Gm@layouthoffset=\dimen181
\Gm@layoutvoffset=\dimen182
\Gm@dimlist=\toks26
)
(c:/texlive/2025/texmf-dist/tex/latex/import/import.sty
Package: import 2020/04/01  v 6.2
)
(c:/texlive/2025/texmf-dist/tex/latex/tools/tabularx.sty
Package: tabularx 2023/12/11 v2.12a `tabularx' package (DPC)
\TX@col@width=\dimen183
\TX@old@table=\dimen184
\TX@old@col=\dimen185
\TX@target=\dimen186
\TX@delta=\dimen187
\TX@cols=\count338
\TX@ftn=\toks27
)
(c:/texlive/2025/texmf-dist/tex/latex/adjustbox/adjustbox.sty
Package: adjustbox 2025/02/26 v1.3c Adjusting TeX boxes (trim, clip, ...)

(c:/texlive/2025/texmf-dist/tex/latex/xkeyval/xkeyval.sty
Package: xkeyval 2022/06/16 v2.9 package option processing (HA)

(c:/texlive/2025/texmf-dist/tex/generic/xkeyval/xkeyval.tex
(c:/texlive/2025/texmf-dist/tex/generic/xkeyval/xkvutils.tex
\XKV@toks=\toks28
\XKV@tempa@toks=\toks29
)
\XKV@depth=\count339
File: xkeyval.tex 2014/12/03 v2.7a key=value parser (HA)
))
(c:/texlive/2025/texmf-dist/tex/latex/adjustbox/adjcalc.sty
Package: adjcalc 2012/05/16 v1.1 Provides advanced setlength with multiple back
-ends (calc, etex, pgfmath)
)
(c:/texlive/2025/texmf-dist/tex/latex/adjustbox/trimclip.sty
Package: trimclip 2025/02/21 v1.2a Trim and clip general TeX material

(c:/texlive/2025/texmf-dist/tex/latex/collectbox/collectbox.sty
Package: collectbox 2022/10/17 v0.4c Collect macro arguments as boxes
\collectedbox=\box75
)
\tc@llx=\dimen188
\tc@lly=\dimen189
\tc@urx=\dimen190
\tc@ury=\dimen191

(c:/texlive/2025/texmf-dist/tex/latex/adjustbox/tc-pgf.def
File: tc-pgf.def 2019/01/04 v2.2 trimclip fall-back clipping driver using PGF

(c:/texlive/2025/texmf-dist/tex/latex/pgf/basiclayer/pgf.sty
(c:/texlive/2025/texmf-dist/tex/latex/pgf/utilities/pgfrcs.sty
(c:/texlive/2025/texmf-dist/tex/generic/pgf/utilities/pgfutil-common.tex
\pgfutil@everybye=\toks30
\pgfutil@tempdima=\dimen192
\pgfutil@tempdimb=\dimen193
)
(c:/texlive/2025/texmf-dist/tex/generic/pgf/utilities/pgfutil-latex.def
\pgfutil@abb=\box76
)
(c:/texlive/2025/texmf-dist/tex/generic/pgf/utilities/pgfrcs.code.tex
(c:/texlive/2025/texmf-dist/tex/generic/pgf/pgf.revision.tex)
Package: pgfrcs 2023-01-15 v3.1.10 (3.1.10)
))
Package: pgf 2023-01-15 v3.1.10 (3.1.10)

(c:/texlive/2025/texmf-dist/tex/latex/pgf/basiclayer/pgfcore.sty
(c:/texlive/2025/texmf-dist/tex/latex/pgf/systemlayer/pgfsys.sty
(c:/texlive/2025/texmf-dist/tex/generic/pgf/systemlayer/pgfsys.code.tex
Package: pgfsys 2023-01-15 v3.1.10 (3.1.10)

(c:/texlive/2025/texmf-dist/tex/generic/pgf/utilities/pgfkeys.code.tex
\pgfkeys@pathtoks=\toks31
\pgfkeys@temptoks=\toks32

(c:/texlive/2025/texmf-dist/tex/generic/pgf/utilities/pgfkeyslibraryfiltered.co
de.tex
\pgfkeys@tmptoks=\toks33
))
\pgf@x=\dimen194
\pgf@y=\dimen195
\pgf@xa=\dimen196
\pgf@ya=\dimen197
\pgf@xb=\dimen198
\pgf@yb=\dimen199
\pgf@xc=\dimen256
\pgf@yc=\dimen257
\pgf@xd=\dimen258
\pgf@yd=\dimen259
\w@pgf@writea=\write4
\r@pgf@reada=\read4
\c@pgf@counta=\count340
\c@pgf@countb=\count341
\c@pgf@countc=\count342
\c@pgf@countd=\count343
\t@pgf@toka=\toks34
\t@pgf@tokb=\toks35
\t@pgf@tokc=\toks36
\pgf@sys@id@count=\count344
 (c:/texlive/2025/texmf-dist/tex/generic/pgf/systemlayer/pgf.cfg
File: pgf.cfg 2023-01-15 v3.1.10 (3.1.10)
)
Driver file for pgf: pgfsys-dvipdfmx.def

(c:/texlive/2025/texmf-dist/tex/generic/pgf/systemlayer/pgfsys-dvipdfmx.def
File: pgfsys-dvipdfmx.def 2023-01-15 v3.1.10 (3.1.10)

(c:/texlive/2025/texmf-dist/tex/generic/pgf/systemlayer/pgfsys-common-pdf.def
File: pgfsys-common-pdf.def 2023-01-15 v3.1.10 (3.1.10)
)
\pgfsys@objnum=\count345
))
(c:/texlive/2025/texmf-dist/tex/generic/pgf/systemlayer/pgfsyssoftpath.code.tex
File: pgfsyssoftpath.code.tex 2023-01-15 v3.1.10 (3.1.10)
\pgfsyssoftpath@smallbuffer@items=\count346
\pgfsyssoftpath@bigbuffer@items=\count347
)
(c:/texlive/2025/texmf-dist/tex/generic/pgf/systemlayer/pgfsysprotocol.code.tex
File: pgfsysprotocol.code.tex 2023-01-15 v3.1.10 (3.1.10)
)) (c:/texlive/2025/texmf-dist/tex/generic/pgf/basiclayer/pgfcore.code.tex
Package: pgfcore 2023-01-15 v3.1.10 (3.1.10)

(c:/texlive/2025/texmf-dist/tex/generic/pgf/math/pgfmath.code.tex
(c:/texlive/2025/texmf-dist/tex/generic/pgf/math/pgfmathutil.code.tex)
(c:/texlive/2025/texmf-dist/tex/generic/pgf/math/pgfmathparser.code.tex
\pgfmath@dimen=\dimen260
\pgfmath@count=\count348
\pgfmath@box=\box77
\pgfmath@toks=\toks37
\pgfmath@stack@operand=\toks38
\pgfmath@stack@operation=\toks39
)
(c:/texlive/2025/texmf-dist/tex/generic/pgf/math/pgfmathfunctions.code.tex)
(c:/texlive/2025/texmf-dist/tex/generic/pgf/math/pgfmathfunctions.basic.code.te
x)
(c:/texlive/2025/texmf-dist/tex/generic/pgf/math/pgfmathfunctions.trigonometric
.code.tex)
(c:/texlive/2025/texmf-dist/tex/generic/pgf/math/pgfmathfunctions.random.code.t
ex)
(c:/texlive/2025/texmf-dist/tex/generic/pgf/math/pgfmathfunctions.comparison.co
de.tex)
(c:/texlive/2025/texmf-dist/tex/generic/pgf/math/pgfmathfunctions.base.code.tex
)
(c:/texlive/2025/texmf-dist/tex/generic/pgf/math/pgfmathfunctions.round.code.te
x)
(c:/texlive/2025/texmf-dist/tex/generic/pgf/math/pgfmathfunctions.misc.code.tex
)
(c:/texlive/2025/texmf-dist/tex/generic/pgf/math/pgfmathfunctions.integerarithm
etics.code.tex)
(c:/texlive/2025/texmf-dist/tex/generic/pgf/math/pgfmathcalc.code.tex)
(c:/texlive/2025/texmf-dist/tex/generic/pgf/math/pgfmathfloat.code.tex
\c@pgfmathroundto@lastzeros=\count349
))
(c:/texlive/2025/texmf-dist/tex/generic/pgf/math/pgfint.code.tex)
(c:/texlive/2025/texmf-dist/tex/generic/pgf/basiclayer/pgfcorepoints.code.tex
File: pgfcorepoints.code.tex 2023-01-15 v3.1.10 (3.1.10)
\pgf@picminx=\dimen261
\pgf@picmaxx=\dimen262
\pgf@picminy=\dimen263
\pgf@picmaxy=\dimen264
\pgf@pathminx=\dimen265
\pgf@pathmaxx=\dimen266
\pgf@pathminy=\dimen267
\pgf@pathmaxy=\dimen268
\pgf@xx=\dimen269
\pgf@xy=\dimen270
\pgf@yx=\dimen271
\pgf@yy=\dimen272
\pgf@zx=\dimen273
\pgf@zy=\dimen274
)
(c:/texlive/2025/texmf-dist/tex/generic/pgf/basiclayer/pgfcorepathconstruct.cod
e.tex
File: pgfcorepathconstruct.code.tex 2023-01-15 v3.1.10 (3.1.10)
\pgf@path@lastx=\dimen275
\pgf@path@lasty=\dimen276
)
(c:/texlive/2025/texmf-dist/tex/generic/pgf/basiclayer/pgfcorepathusage.code.te
x
File: pgfcorepathusage.code.tex 2023-01-15 v3.1.10 (3.1.10)
\pgf@shorten@end@additional=\dimen277
\pgf@shorten@start@additional=\dimen278
)
(c:/texlive/2025/texmf-dist/tex/generic/pgf/basiclayer/pgfcorescopes.code.tex
File: pgfcorescopes.code.tex 2023-01-15 v3.1.10 (3.1.10)
\pgfpic=\box78
\pgf@hbox=\box79
\pgf@layerbox@main=\box80
\pgf@picture@serial@count=\count350
)
(c:/texlive/2025/texmf-dist/tex/generic/pgf/basiclayer/pgfcoregraphicstate.code
.tex
File: pgfcoregraphicstate.code.tex 2023-01-15 v3.1.10 (3.1.10)
\pgflinewidth=\dimen279
)
(c:/texlive/2025/texmf-dist/tex/generic/pgf/basiclayer/pgfcoretransformations.c
ode.tex
File: pgfcoretransformations.code.tex 2023-01-15 v3.1.10 (3.1.10)
\pgf@pt@x=\dimen280
\pgf@pt@y=\dimen281
\pgf@pt@temp=\dimen282
)
(c:/texlive/2025/texmf-dist/tex/generic/pgf/basiclayer/pgfcorequick.code.tex
File: pgfcorequick.code.tex 2023-01-15 v3.1.10 (3.1.10)
)
(c:/texlive/2025/texmf-dist/tex/generic/pgf/basiclayer/pgfcoreobjects.code.tex
File: pgfcoreobjects.code.tex 2023-01-15 v3.1.10 (3.1.10)
)
(c:/texlive/2025/texmf-dist/tex/generic/pgf/basiclayer/pgfcorepathprocessing.co
de.tex
File: pgfcorepathprocessing.code.tex 2023-01-15 v3.1.10 (3.1.10)
)
(c:/texlive/2025/texmf-dist/tex/generic/pgf/basiclayer/pgfcorearrows.code.tex
File: pgfcorearrows.code.tex 2023-01-15 v3.1.10 (3.1.10)
\pgfarrowsep=\dimen283
)
(c:/texlive/2025/texmf-dist/tex/generic/pgf/basiclayer/pgfcoreshade.code.tex
File: pgfcoreshade.code.tex 2023-01-15 v3.1.10 (3.1.10)
\pgf@max=\dimen284
\pgf@sys@shading@range@num=\count351
\pgf@shadingcount=\count352
)
(c:/texlive/2025/texmf-dist/tex/generic/pgf/basiclayer/pgfcoreimage.code.tex
File: pgfcoreimage.code.tex 2023-01-15 v3.1.10 (3.1.10)
)
(c:/texlive/2025/texmf-dist/tex/generic/pgf/basiclayer/pgfcoreexternal.code.tex
File: pgfcoreexternal.code.tex 2023-01-15 v3.1.10 (3.1.10)
\pgfexternal@startupbox=\box81
) (c:/texlive/2025/texmf-dist/tex/generic/pgf/basiclayer/pgfcorelayers.code.tex
File: pgfcorelayers.code.tex 2023-01-15 v3.1.10 (3.1.10)
)
(c:/texlive/2025/texmf-dist/tex/generic/pgf/basiclayer/pgfcoretransparency.code
.tex
File: pgfcoretransparency.code.tex 2023-01-15 v3.1.10 (3.1.10)
)
(c:/texlive/2025/texmf-dist/tex/generic/pgf/basiclayer/pgfcorepatterns.code.tex
File: pgfcorepatterns.code.tex 2023-01-15 v3.1.10 (3.1.10)
) (c:/texlive/2025/texmf-dist/tex/generic/pgf/basiclayer/pgfcorerdf.code.tex
File: pgfcorerdf.code.tex 2023-01-15 v3.1.10 (3.1.10)
))) (c:/texlive/2025/texmf-dist/tex/generic/pgf/modules/pgfmoduleshapes.code.te
x
File: pgfmoduleshapes.code.tex 2023-01-15 v3.1.10 (3.1.10)
\pgfnodeparttextbox=\box82
)
(c:/texlive/2025/texmf-dist/tex/generic/pgf/modules/pgfmoduleplot.code.tex
File: pgfmoduleplot.code.tex 2023-01-15 v3.1.10 (3.1.10)
)
(c:/texlive/2025/texmf-dist/tex/latex/pgf/compatibility/pgfcomp-version-0-65.st
y
Package: pgfcomp-version-0-65 2023-01-15 v3.1.10 (3.1.10)
\pgf@nodesepstart=\dimen285
\pgf@nodesepend=\dimen286
)
(c:/texlive/2025/texmf-dist/tex/latex/pgf/compatibility/pgfcomp-version-1-18.st
y
Package: pgfcomp-version-1-18 2023-01-15 v3.1.10 (3.1.10)
)))
Package trimclip Info: No clipping driver 'tc-dvipdfmx.def' available.
(trimclip)             Using fall-back PGF driver.
)
\adjbox@Width=\dimen287
\adjbox@Height=\dimen288
\adjbox@Depth=\dimen289
\adjbox@Totalheight=\dimen290
\adjbox@pwidth=\dimen291
\adjbox@pheight=\dimen292
\adjbox@pdepth=\dimen293
\adjbox@ptotalheight=\dimen294
 (c:/texlive/2025/texmf-dist/tex/latex/ifoddpage/ifoddpage.sty
Package: ifoddpage 2022/10/18 v1.2 Conditionals for odd/even page detection
\c@checkoddpage=\count353
))
(c:/texlive/2025/texmf-dist/tex/latex/multirow/multirow.sty
Package: multirow 2024/11/12 v2.9 Span multiple rows of a table
\multirow@colwidth=\skip61
\multirow@cntb=\count354
\multirow@dima=\skip62
\bigstrutjot=\dimen295
)
(c:/texlive/2025/texmf-dist/tex/latex/float/float.sty
Package: float 2001/11/08 v1.3d Float enhancements (AL)
\c@float@type=\count355
\float@exts=\toks40
\float@box=\box83
\@float@everytoks=\toks41
\@floatcapt=\box84
)
(c:/texlive/2025/texmf-dist/tex/latex/caption/caption.sty
Package: caption 2023/08/05 v3.6o Customizing captions (AR)

(c:/texlive/2025/texmf-dist/tex/latex/caption/caption3.sty
Package: caption3 2023/07/31 v2.4d caption3 kernel (AR)
\caption@tempdima=\dimen296
\captionmargin=\dimen297
\caption@leftmargin=\dimen298
\caption@rightmargin=\dimen299
\caption@width=\dimen300
\caption@indent=\dimen301
\caption@parindent=\dimen302
\caption@hangindent=\dimen303
Package caption Info: Standard document class detected.
)
\c@caption@flags=\count356
\c@continuedfloat=\count357
Package caption Info: float package is loaded.
)
(c:/texlive/2025/texmf-dist/tex/latex/seqsplit/seqsplit.sty
Package: seqsplit 2006/08/07 v0.1 Splitting long sequences (DNA, RNA, proteins,
 etc.) 
)
(c:/texlive/2025/texmf-dist/tex/latex/hyperref/hyperref.sty
Package: hyperref 2025-06-21 v7.01n Hypertext links for LaTeX

(c:/texlive/2025/texmf-dist/tex/latex/kvsetkeys/kvsetkeys.sty
Package: kvsetkeys 2022-10-05 v1.19 Key value parser (HO)
)
(c:/texlive/2025/texmf-dist/tex/generic/kvdefinekeys/kvdefinekeys.sty
Package: kvdefinekeys 2019-12-19 v1.6 Define keys (HO)
)
(c:/texlive/2025/texmf-dist/tex/generic/pdfescape/pdfescape.sty
Package: pdfescape 2019/12/09 v1.15 Implements pdfTeX's escape features (HO)

(c:/texlive/2025/texmf-dist/tex/generic/ltxcmds/ltxcmds.sty
Package: ltxcmds 2023-12-04 v1.26 LaTeX kernel commands for general use (HO)
)
(c:/texlive/2025/texmf-dist/tex/generic/pdftexcmds/pdftexcmds.sty
Package: pdftexcmds 2020-06-27 v0.33 Utility functions of pdfTeX for LuaTeX (HO
)
Package pdftexcmds Info: \pdf@primitive is available.
Package pdftexcmds Info: \pdf@ifprimitive is available.
Package pdftexcmds Info: \pdfdraftmode not found.
))
(c:/texlive/2025/texmf-dist/tex/latex/hycolor/hycolor.sty
Package: hycolor 2020-01-27 v1.10 Color options for hyperref/bookmark (HO)
)
(c:/texlive/2025/texmf-dist/tex/latex/hyperref/nameref.sty
Package: nameref 2025-06-21 v2.57 Cross-referencing by name of section

(c:/texlive/2025/texmf-dist/tex/latex/refcount/refcount.sty
Package: refcount 2019/12/15 v3.6 Data extraction from label references (HO)
)
(c:/texlive/2025/texmf-dist/tex/generic/gettitlestring/gettitlestring.sty
Package: gettitlestring 2019/12/15 v1.6 Cleanup title references (HO)

(c:/texlive/2025/texmf-dist/tex/latex/kvoptions/kvoptions.sty
Package: kvoptions 2022-06-15 v3.15 Key value format for package options (HO)
))
\c@section@level=\count358
)
(c:/texlive/2025/texmf-dist/tex/generic/stringenc/stringenc.sty
Package: stringenc 2019/11/29 v1.12 Convert strings between diff. encodings (HO
)
)
\@linkdim=\dimen304
\Hy@linkcounter=\count359
\Hy@pagecounter=\count360

(c:/texlive/2025/texmf-dist/tex/latex/hyperref/pd1enc.def
File: pd1enc.def 2025-06-21 v7.01n Hyperref: PDFDocEncoding definition (HO)
Now handling font encoding PD1 ...
... no UTF-8 mapping file for font encoding PD1
)
\Hy@SavedSpaceFactor=\count361

(c:/texlive/2025/texmf-dist/tex/latex/hyperref/puenc.def
File: puenc.def 2025-06-21 v7.01n Hyperref: PDF Unicode definition (HO)
Now handling font encoding PU ...
... no UTF-8 mapping file for font encoding PU
)
Package hyperref Info: Option `bookmarks' set `true' on input line 4052.
Package hyperref Info: Option `bookmarksnumbered' set `true' on input line 4052
.
Package hyperref Info: Hyper figures OFF on input line 4181.
Package hyperref Info: Link nesting OFF on input line 4186.
Package hyperref Info: Hyper index ON on input line 4189.
Package hyperref Info: Plain pages OFF on input line 4196.
Package hyperref Info: Backreferencing OFF on input line 4201.
Package hyperref Info: Implicit mode ON; LaTeX internals redefined.
Package hyperref Info: Bookmarks ON on input line 4448.
\c@Hy@tempcnt=\count362

(c:/texlive/2025/texmf-dist/tex/latex/url/url.sty
\Urlmuskip=\muskip17
Package: url 2013/09/16  ver 3.4  Verb mode for urls, etc.
)
LaTeX Info: Redefining \url on input line 4787.
\XeTeXLinkMargin=\dimen305

(c:/texlive/2025/texmf-dist/tex/generic/bitset/bitset.sty
Package: bitset 2019/12/09 v1.3 Handle bit-vector datatype (HO)

(c:/texlive/2025/texmf-dist/tex/generic/bigintcalc/bigintcalc.sty
Package: bigintcalc 2019/12/15 v1.5 Expandable calculations on big integers (HO
)
))
\Fld@menulength=\count363
\Field@Width=\dimen306
\Fld@charsize=\dimen307
Package hyperref Info: Hyper figures OFF on input line 6066.
Package hyperref Info: Link nesting OFF on input line 6071.
Package hyperref Info: Hyper index ON on input line 6074.
Package hyperref Info: backreferencing OFF on input line 6081.
Package hyperref Info: Link coloring OFF on input line 6086.
Package hyperref Info: Link coloring with OCG OFF on input line 6091.
Package hyperref Info: PDF/A mode OFF on input line 6096.
\Hy@abspage=\count364
\c@Item=\count365
\c@Hfootnote=\count366
)
Package hyperref Info: Driver: hdvipdfm.

(c:/texlive/2025/texmf-dist/tex/latex/hyperref/hdvipdfm.def
File: hdvipdfm.def 2025-06-21 v7.01n Hyperref driver for dvipdfm
\pdfm@box=\box85
\c@Hy@AnnotLevel=\count367
\HyField@AnnotCount=\count368
\Fld@listcount=\count369
\c@bookmark@seq@number=\count370

(c:/texlive/2025/texmf-dist/tex/latex/rerunfilecheck/rerunfilecheck.sty
Package: rerunfilecheck 2025-06-21 v1.11 Rerun checks for auxiliary files (HO)

(c:/texlive/2025/texmf-dist/tex/generic/uniquecounter/uniquecounter.sty
Package: uniquecounter 2019/12/15 v1.4 Provide unlimited unique counter (HO)
)
Package uniquecounter Info: New unique counter `rerunfilecheck' on input line 2
84.
)
\Hy@SectionHShift=\skip63
)
(c:/texlive/2025/texmf-dist/tex/latex/listings/listings.sty
\lst@mode=\count371
\lst@gtempboxa=\box86
\lst@token=\toks42
\lst@length=\count372
\lst@currlwidth=\dimen308
\lst@column=\count373
\lst@pos=\count374
\lst@lostspace=\dimen309
\lst@width=\dimen310
\lst@newlines=\count375
\lst@lineno=\count376
\lst@maxwidth=\dimen311

(c:/texlive/2025/texmf-dist/tex/latex/listings/lstpatch.sty
File: lstpatch.sty 2024/09/23 1.10c (Carsten Heinz)
)
(c:/texlive/2025/texmf-dist/tex/latex/listings/lstmisc.sty
File: lstmisc.sty 2024/09/23 1.10c (Carsten Heinz)
\c@lstnumber=\count377
\lst@skipnumbers=\count378
\lst@framebox=\box87
)
(c:/texlive/2025/texmf-dist/tex/latex/listings/listings.cfg
File: listings.cfg 2024/09/23 1.10c listings configuration
))
Package: listings 2024/09/23 1.10c (Carsten Heinz)

(c:/texlive/2025/texmf-dist/tex/latex/amsmath/amsmath.sty
Package: amsmath 2025/06/16 v2.17y AMS math features
\@mathmargin=\skip64

For additional information on amsmath, use the `?' option.
(c:/texlive/2025/texmf-dist/tex/latex/amsmath/amstext.sty
Package: amstext 2024/11/17 v2.01 AMS text

(c:/texlive/2025/texmf-dist/tex/latex/amsmath/amsgen.sty
File: amsgen.sty 1999/11/30 v2.0 generic functions
\@emptytoks=\toks43
\ex@=\dimen312
))
(c:/texlive/2025/texmf-dist/tex/latex/amsmath/amsbsy.sty
Package: amsbsy 1999/11/29 v1.2d Bold Symbols
\pmbraise@=\dimen313
)
(c:/texlive/2025/texmf-dist/tex/latex/amsmath/amsopn.sty
Package: amsopn 2022/04/08 v2.04 operator names
)
\inf@bad=\count379
LaTeX Info: Redefining \frac on input line 233.
\uproot@=\count380
\leftroot@=\count381
LaTeX Info: Redefining \overline on input line 398.
LaTeX Info: Redefining \colon on input line 409.
\classnum@=\count382
\DOTSCASE@=\count383
LaTeX Info: Redefining \ldots on input line 495.
LaTeX Info: Redefining \dots on input line 498.
LaTeX Info: Redefining \cdots on input line 619.
\Mathstrutbox@=\box88
\strutbox@=\box89
LaTeX Info: Redefining \big on input line 721.
LaTeX Info: Redefining \Big on input line 722.
LaTeX Info: Redefining \bigg on input line 723.
LaTeX Info: Redefining \Bigg on input line 724.
\big@size=\dimen314
LaTeX Font Info:    Redeclaring font encoding OML on input line 742.
LaTeX Font Info:    Redeclaring font encoding OMS on input line 743.
\macc@depth=\count384
LaTeX Info: Redefining \bmod on input line 904.
LaTeX Info: Redefining \pmod on input line 909.
LaTeX Info: Redefining \smash on input line 939.
LaTeX Info: Redefining \relbar on input line 969.
LaTeX Info: Redefining \Relbar on input line 970.
\c@MaxMatrixCols=\count385
\dotsspace@=\muskip18
\c@parentequation=\count386
\dspbrk@lvl=\count387
\tag@help=\toks44
\row@=\count388
\column@=\count389
\maxfields@=\count390
\andhelp@=\toks45
\eqnshift@=\dimen315
\alignsep@=\dimen316
\tagshift@=\dimen317
\tagwidth@=\dimen318
\totwidth@=\dimen319
\lineht@=\dimen320
\@envbody=\toks46
\multlinegap=\skip65
\multlinetaggap=\skip66
\mathdisplay@stack=\toks47
LaTeX Info: Redefining \[ on input line 2949.
LaTeX Info: Redefining \] on input line 2950.
)
(c:/texlive/2025/texmf-dist/tex/latex/tools/enumerate.sty
Package: enumerate 2023/07/04 v3.00 enumerate extensions (DPC)
\@enLab=\toks48
)
(c:/texlive/2025/texmf-dist/tex/latex/midpage/midpage.sty
Package: midpage 2009/09/03 v1.1a vertical centering
)
(c:/texlive/2025/texmf-dist/tex/latex/upquote/upquote.sty
Package: upquote 2012/04/19 v1.3 upright-quote and grave-accent glyphs in verba
tim

(c:/texlive/2025/texmf-dist/tex/latex/base/textcomp.sty
Package: textcomp 2024/04/24 v2.1b Standard LaTeX package
))
(c:/texlive/2025/texmf-dist/tex/latex/autobreak/autobreak.sty
Package: autobreak 2017/02/23 v0.3 simple line breaking of long formulae
\everybeforeautobreak=\toks49
\everyafterautobreak=\toks50
\@autobreak@alltoks=\toks51
\@autobreak@linetoks=\toks52
\@autobreak@lhswidth=\dimen321
\@autobreak@rhswidth=\dimen322
\@autobreak@maxlhswidth=\dimen323
\@autobreak@realmaxlhswidth=\dimen324
\@autobreak@maxrhswidth=\dimen325
\c@@autobreak@eqnindex=\count391
\c@@autobreak@subeqnindex=\count392

(c:/texlive/2025/texmf-dist/tex/generic/catchfile/catchfile.sty
Package: catchfile 2019/12/09 v1.8 Catch the contents of a file (HO)

(c:/texlive/2025/texmf-dist/tex/generic/etexcmds/etexcmds.sty
Package: etexcmds 2019/12/15 v1.7 Avoid name clashes with e-TeX commands (HO)
)))
LaTeX Font Info:    Trying to load font information for T1+lmr on input line 51
.

(c:/texlive/2025/texmf-dist/tex/latex/lm/t1lmr.fd
File: t1lmr.fd 2015/05/01 v1.6.1 Font defs for Latin Modern
) (./MCS4_System_TRM.aux
\tabRowHeight@A=\dimen326
\tabRowHeight@B=\dimen327
\tabRowHeight@C=\dimen328
)
\openout1 = `MCS4_System_TRM.aux'.

LaTeX Font Info:    Checking defaults for OML/cmm/m/it on input line 51.
LaTeX Font Info:    ... okay on input line 51.
LaTeX Font Info:    Checking defaults for OMS/cmsy/m/n on input line 51.
LaTeX Font Info:    ... okay on input line 51.
LaTeX Font Info:    Checking defaults for OT1/cmr/m/n on input line 51.
LaTeX Font Info:    ... okay on input line 51.
LaTeX Font Info:    Checking defaults for T1/cmr/m/n on input line 51.
LaTeX Font Info:    ... okay on input line 51.
LaTeX Font Info:    Checking defaults for TS1/cmr/m/n on input line 51.
LaTeX Font Info:    ... okay on input line 51.
LaTeX Font Info:    Checking defaults for OMX/cmex/m/n on input line 51.
LaTeX Font Info:    ... okay on input line 51.
LaTeX Font Info:    Checking defaults for U/cmr/m/n on input line 51.
LaTeX Font Info:    ... okay on input line 51.
LaTeX Font Info:    Checking defaults for JY1/mc/m/n on input line 51.
LaTeX Font Info:    ... okay on input line 51.
LaTeX Font Info:    Checking defaults for JT1/mc/m/n on input line 51.
LaTeX Font Info:    ... okay on input line 51.
LaTeX Font Info:    Checking defaults for PD1/pdf/m/n on input line 51.
LaTeX Font Info:    ... okay on input line 51.
LaTeX Font Info:    Checking defaults for PU/pdf/m/n on input line 51.
LaTeX Font Info:    ... okay on input line 51.

(I search kanjifont definition file: . . ) (I search font definition file: . .
. . . . . . . )
LaTeX Font Info:    Trying to load font information for T1+lmtt on input line 5
1.
 (c:/texlive/2025/texmf-dist/tex/latex/lm/t1lmtt.fd
File: t1lmtt.fd 2015/05/01 v1.6.1 Font defs for Latin Modern
)
LaTeX Font Info:    Kanji font shape `JY1/mc/m/it' undefined
(Font)              No change on input line 51.
LaTeX Font Info:    Kanji font shape `JY1/mc/m/sl' undefined
(Font)              No change on input line 51.
LaTeX Font Info:    Kanji font shape `JY1/mc/m/sc' undefined
(Font)              No change on input line 51.
LaTeX Font Info:    Font shape `JT1/mc/b/n' in size <12> not available
(Font)              Font shape `JT1/mc/bx/n' tried instead on input line 51.
LaTeX Font Info:    Font shape `JT1/mc/bx/n' in size <12> not available
(Font)              Font shape `JT1/gt/m/n' tried instead on input line 51.
LaTeX Font Info:    Font shape `JY1/mc/b/n' in size <12> not available
(Font)              Font shape `JY1/mc/bx/n' tried instead on input line 51.
LaTeX Font Info:    Font shape `JY1/mc/bx/n' in size <12> not available
(Font)              Font shape `JY1/gt/m/n' tried instead on input line 51.
LaTeX Font Info:    Kanji font shape `JY1/mc/b/it' undefined
(Font)              No change on input line 51.


LaTeX Font Warning: Font shape `T1/lmtt/b/it' in size <12> not available
(Font)              Font shape `T1/lmtt/b/sl' tried instead on input line 51.

LaTeX Font Info:    Kanji font shape `JY1/mc/b/sl' undefined
(Font)              No change on input line 51.
LaTeX Font Info:    Kanji font shape `JY1/mc/b/sc' undefined
(Font)              No change on input line 51.

LaTeX Font Warning: Font shape `T1/lmtt/b/scsl' undefined
(Font)              using `T1/lmtt/b/sc' instead on input line 51.


LaTeX Font Warning: Font shape `T1/lmtt/b/sc' undefined
(Font)              using `T1/lmtt/b/n' instead on input line 51.

LaTeX Font Info:    Font shape `JT1/mc/bx/n' in size <12> not available
(Font)              Font shape `JT1/gt/m/n' tried instead on input line 51.
LaTeX Font Info:    Font shape `JY1/mc/bx/n' in size <12> not available
(Font)              Font shape `JY1/gt/m/n' tried instead on input line 51.
LaTeX Font Info:    Font shape `T1/lmtt/bx/n' in size <12> not available
(Font)              Font shape `T1/lmtt/b/n' tried instead on input line 51.
LaTeX Font Info:    Kanji font shape `JY1/mc/bx/it' undefined
(Font)              No change on input line 51.

LaTeX Font Warning: Font shape `T1/lmtt/bx/it' in size <12> not available
(Font)              Font shape `T1/lmtt/b/sl' tried instead on input line 51.

LaTeX Font Info:    Kanji font shape `JY1/mc/bx/sl' undefined
(Font)              No change on input line 51.
LaTeX Font Info:    Font shape `T1/lmtt/bx/sl' in size <12> not available
(Font)              Font shape `T1/lmtt/b/sl' tried instead on input line 51.
LaTeX Font Info:    Kanji font shape `JY1/mc/bx/sc' undefined
(Font)              No change on input line 51.

LaTeX Font Warning: Font shape `T1/lmtt/bx/scsl' undefined
(Font)              using `T1/lmtt/bx/sc' instead on input line 51.


LaTeX Font Warning: Font shape `T1/lmtt/bx/sc' undefined
(Font)              using `T1/lmtt/bx/n' instead on input line 51.


LaTeX Font Warning: Font shape `JY1/mc/sbx/n' undefined
(Font)              using `JY1/mc/bx/n' instead on input line 51.


LaTeX Font Warning: Font shape `T1/lmtt/sbx/sc' undefined
(Font)              using `T1/lmtt/bx/sc' instead on input line 51.


LaTeX Font Warning: Font shape `JY1/mc/sbx/n' undefined
(Font)              using `JY1/mc/bx/n' instead on input line 51.

LaTeX Font Info:    Kanji font shape `JY1/mc/bx/it' undefined
(Font)              No change on input line 51.

LaTeX Font Warning: Font shape `T1/lmtt/sbx/n' undefined
(Font)              using `T1/lmtt/bx/n' instead on input line 51.


LaTeX Font Warning: Font shape `JY1/mc/sbx/n' undefined
(Font)              using `JY1/mc/bx/n' instead on input line 51.

LaTeX Font Info:    Kanji font shape `JY1/mc/bx/sl' undefined
(Font)              No change on input line 51.

LaTeX Font Warning: Font shape `T1/lmtt/sbx/it' undefined
(Font)              using `T1/lmtt/bx/it' instead on input line 51.


LaTeX Font Warning: Font shape `JY1/mc/sbx/n' undefined
(Font)              using `JY1/mc/bx/n' instead on input line 51.

LaTeX Font Info:    Kanji font shape `JY1/mc/bx/sc' undefined
(Font)              No change on input line 51.

LaTeX Font Warning: Font shape `T1/lmtt/sbx/sl' undefined
(Font)              using `T1/lmtt/bx/sl' instead on input line 51.


LaTeX Font Warning: Font shape `T1/lmtt/bx/scsl' undefined
(Font)              using `T1/lmtt/bx/sc' instead on input line 51.

LaTeX Font Info:    Font shape `T1/lmtt/bx/sc' in size <12> not available
(Font)              Font shape `T1/lmtt/b/n' tried instead on input line 51.

LaTeX Font Warning: Font shape `JY1/mc/bc/n' undefined
(Font)              using `JY1/mc/c/n' instead on input line 51.

LaTeX Font Info:    Kanji font shape `JY1/mc/c/n' undefined
(Font)              No change on input line 51.

LaTeX Font Warning: Font shape `JT1/mc/c/n' undefined
(Font)              using `JT1/mc/m/n' instead on input line 51.


LaTeX Font Warning: Font shape `JY1/mc/c/n' undefined
(Font)              using `JY1/mc/m/n' instead on input line 51.


LaTeX Font Warning: Font shape `T1/lmtt/bc/sc' undefined
(Font)              using `T1/lmtt/c/sc' instead on input line 51.


LaTeX Font Warning: Font shape `T1/lmtt/c/n' undefined
(Font)              using `T1/lmtt/m/n' instead on input line 51.

LaTeX Font Info:    Kanji font shape `JY1/mc/c/it' undefined
(Font)              No change on input line 51.

LaTeX Font Warning: Font shape `T1/lmtt/c/it' undefined
(Font)              using `T1/lmtt/c/n' instead on input line 51.

LaTeX Font Info:    Kanji font shape `JY1/mc/c/sl' undefined
(Font)              No change on input line 51.

LaTeX Font Warning: Font shape `T1/lmtt/c/sl' undefined
(Font)              using `T1/lmtt/c/it' instead on input line 51.

LaTeX Font Info:    Kanji font shape `JY1/mc/c/sc' undefined
(Font)              No change on input line 51.

LaTeX Font Warning: Font shape `T1/lmtt/c/scit' undefined
(Font)              using `T1/lmtt/c/sc' instead on input line 51.


LaTeX Font Warning: Font shape `T1/lmtt/c/sc' undefined
(Font)              using `T1/lmtt/c/n' instead on input line 51.


LaTeX Font Warning: Font shape `JY1/mc/lc/n' undefined
(Font)              using `JY1/mc/c/n' instead on input line 51.


LaTeX Font Warning: Font shape `JY1/mc/lc/n' undefined
(Font)              using `JY1/mc/c/n' instead on input line 51.

LaTeX Font Info:    Kanji font shape `JY1/mc/c/it' undefined
(Font)              No change on input line 51.

LaTeX Font Warning: Font shape `T1/lmtt/lc/it' in size <12> not available
(Font)              Font shape `T1/lmtt/lc/sl' tried instead on input line 51.


LaTeX Font Warning: Font shape `JY1/mc/lc/n' undefined
(Font)              using `JY1/mc/c/n' instead on input line 51.

LaTeX Font Info:    Kanji font shape `JY1/mc/c/sl' undefined
(Font)              No change on input line 51.

LaTeX Font Warning: Font shape `JY1/mc/lc/n' undefined
(Font)              using `JY1/mc/c/n' instead on input line 51.

LaTeX Font Info:    Kanji font shape `JY1/mc/c/sc' undefined
(Font)              No change on input line 51.

LaTeX Font Warning: Font shape `T1/lmtt/lc/scsl' undefined
(Font)              using `T1/lmtt/lc/sc' instead on input line 51.


LaTeX Font Warning: Font shape `T1/lmtt/lc/sc' undefined
(Font)              using `T1/lmtt/lc/n' instead on input line 51.

LaTeX Font Info:    Kanji font shape `JY1/mc/m/ui' undefined
(Font)              No change on input line 51.

LaTeX Font Warning: Font shape `T1/lmtt/m/ui' undefined
(Font)              using `T1/lmtt/m/n' instead on input line 51.

LaTeX Font Info:    Kanji font shape `JY1/mc/bx/ui' undefined
(Font)              No change on input line 51.

LaTeX Font Warning: Font shape `T1/lmtt/bx/ui' undefined
(Font)              using `T1/lmtt/bx/n' instead on input line 51.

LaTeX Font Info:    Kanji font shape `JY1/mc/m/In' undefined
(Font)              No change on input line 51.

LaTeX Font Warning: Font shape `T1/lmtt/m/In' undefined
(Font)              using `T1/lmtt/m/n' instead on input line 51.

*geometry* detected driver: dvipdfm
*geometry* verbose mode - [ preamble ] result:
* driver: dvipdfm
* paper: a4paper
* layout: <same size as paper>
* layoutoffset:(h,v)=(0.0pt,0.0pt)
* modes: twoside 
* h-part:(L,W,R)=(71.13188pt, 455.24411pt, 71.13188pt)
* v-part:(T,H,B)=(56.9055pt, 731.23584pt, 56.9055pt)
* \paperwidth=597.50787pt
* \paperheight=845.04684pt
* \textwidth=455.24411pt
* \textheight=731.23584pt
* \oddsidemargin=-1.1381pt
* \evensidemargin=-1.1381pt
* \topmargin=-47.23828pt
* \headheight=12.0pt
* \headsep=19.8738pt
* \topskip=12.0pt
* \footskip=30.0pt
* \marginparwidth=88.0pt
* \marginparsep=7.0pt
* \columnsep=10.0pt
* \skip\footins=10.8pt plus 4.0pt minus 2.0pt
* \hoffset=0.0pt
* \voffset=0.0pt
* \mag=1000
* \@twocolumnfalse
* \@twosidetrue
* \@mparswitchtrue
* \@reversemarginfalse
* (1in=72.27pt=25.4mm, 1cm=28.453pt)

Package caption Info: Begin \AtBeginDocument code.
Package caption Info: hyperref package is loaded.
Package caption Info: listings package is loaded.
Package caption Info: End \AtBeginDocument code.
Package hyperref Info: Link coloring OFF on input line 51.
(./MCS4_System_TRM.out) (./MCS4_System_TRM.out)
\@outlinefile=\write5
\openout5 = `MCS4_System_TRM.out'.

\c@lstlisting=\count393
 (./00_Front/Title.tex
LaTeX Font Info:    Font shape `JT1/mc/bx/n' in size <24.88> not available
(Font)              Font shape `JT1/gt/m/n' tried instead on input line 7.
LaTeX Font Info:    Font shape `JY1/mc/bx/n' in size <24.88> not available
(Font)              Font shape `JY1/gt/m/n' tried instead on input line 7.
LaTeX Font Info:    Font shape `JT1/mc/bx/n' in size <20.74> not available
(Font)              Font shape `JT1/gt/m/n' tried instead on input line 10.
LaTeX Font Info:    Font shape `JY1/mc/bx/n' in size <20.74> not available
(Font)              Font shape `JY1/gt/m/n' tried instead on input line 10.
File: ./00_Front/./Figure/141PFonFPGA.jpg Graphic file (type bmp)
<./00_Front/./Figure/141PFonFPGA.jpg>


[1



]) (./00_Front/History.tex
LaTeX Font Info:    Trying to load font information for T1+lmss on input line 2
6.
 (c:/texlive/2025/texmf-dist/tex/latex/lm/t1lmss.fd
File: t1lmss.fd 2015/05/01 v1.6.1 Font defs for Latin Modern
)
LaTeX Font Info:    Trying to load font information for OT1+lmr on input line 2
6.
 (c:/texlive/2025/texmf-dist/tex/latex/lm/ot1lmr.fd
File: ot1lmr.fd 2015/05/01 v1.6.1 Font defs for Latin Modern
)
LaTeX Font Info:    Trying to load font information for OML+lmm on input line 2
6.

(c:/texlive/2025/texmf-dist/tex/latex/lm/omllmm.fd
File: omllmm.fd 2015/05/01 v1.6.1 Font defs for Latin Modern
)
LaTeX Font Info:    Trying to load font information for OMS+lmsy on input line 
26.

(c:/texlive/2025/texmf-dist/tex/latex/lm/omslmsy.fd
File: omslmsy.fd 2015/05/01 v1.6.1 Font defs for Latin Modern
)
LaTeX Font Info:    Trying to load font information for OMX+lmex on input line 
26.

(c:/texlive/2025/texmf-dist/tex/latex/lm/omxlmex.fd
File: omxlmex.fd 2015/05/01 v1.6.1 Font defs for Latin Modern
)
LaTeX Font Info:    External font `lmex10' loaded for size
(Font)              <12> on input line 26.
LaTeX Font Info:    External font `lmex10' loaded for size
(Font)              <8> on input line 26.
LaTeX Font Info:    External font `lmex10' loaded for size
(Font)              <6> on input line 26.

BEGIN ROW : 1
CELL(1,1):
 colspan: 4
 max(10.51704pt, 10.51704pt) + 0.0pt{} - 10.51704pt
CELL(1,5):
 colspan: 1
multi row: 2 0pt 1 in column 5 row 1
 finish row
 max(10.51704pt, 10.51704pt) + 0.0pt{} - 4.35004pt
 do post row stuff 
BEGIN ROW : 2
CELL(2,1):
 colspan: 1

Overfull \hbox (6.34975pt too wide) in paragraph at lines 26--26
[]\T1/lmss/bx/n/12 Rev|  
 []


Overfull \hbox (6.34975pt too wide) detected at line 26
[]\T1/lmss/bx/n/12 Rev|  
 []

 max(12.68344pt, 12.68344pt) + 0.0pt{} - 12.68344pt
CELL(2,2):
 colspan: 1
 max(12.68344pt, 12.68344pt) + 0.0pt{} - 12.68344pt
CELL(2,3):
 colspan: 1

Overfull \hbox (9.13522pt too wide) in paragraph at lines 26--26
[]\T1/lmss/bx/n/12 Author|  
 []


Overfull \hbox (9.13522pt too wide) detected at line 26
[]\T1/lmss/bx/n/12 Author|  
 []

 max(12.68344pt, 12.68344pt) + 0.0pt{} - 12.68344pt
CELL(2,4):
 colspan: 1
 max(12.68344pt, 12.68344pt) + 0.0pt{} - 10.51704pt
CELL(2,5):
 in multi row mode, end at 2row 
 last row of multirow cell
 colspan: 1
 finish row
 max(12.68344pt, 12.68344pt) + 15.51704pt{} - 12.68303pt
 do post row stuff 
BEGIN ROW : 3
CELL(3,1):
 colspan: 1
 max(12.21103pt, 27.18303pt) + 0.0pt{} - 12.21103pt
CELL(3,2):
 colspan: 1

Overfull \hbox (0.86722pt too wide) in paragraph at lines 26--26
[]\T1/lmss/m/n/12 Jul.10 
 []


Overfull \hbox (0.86722pt too wide) detected at line 26
[]\T1/lmss/m/n/12 Jul.10 
 []

 max(27.18303pt, 27.18303pt) + 0.0pt{} - 27.18303pt
CELL(3,3):
 colspan: 1
 max(27.18303pt, 27.18303pt) + 0.0pt{} - 12.68303pt
CELL(3,4):
 colspan: 1
 max(27.18303pt, 27.18303pt) + 0.0pt{} - 10.51704pt
CELL(3,5):
 in multi row mode, end at 2row 
 colspan: 1
 finish row
 max(27.18303pt, 27.18303pt) + 0.0pt{} - 4.35004pt
 do post row stuff 
LaTeX Font Info:    Trying to load font information for TS1+lmr on input line 3
4.
(c:/texlive/2025/texmf-dist/tex/latex/lm/ts1lmr.fd
File: ts1lmr.fd 2015/05/01 v1.6.1 Font defs for Latin Modern
))

LaTeX Font Info:    Kanji font shape `JY1/mc/m/sl' undefined
(Font)              No change on input line 69.
[2] (./MCS4_System_TRM.toc

[3

])
\tf@toc=\write6
\openout6 = `MCS4_System_TRM.toc'.



LaTeX Font Info:    Kanji font shape `JY1/mc/m/sl' undefined
(Font)              No change on input line 70.
[4] (./MCS4_System_TRM.lof

[5

])
\tf@lof=\write7
\openout7 = `MCS4_System_TRM.lof'.



LaTeX Font Info:    Kanji font shape `JY1/mc/m/sl' undefined
(Font)              No change on input line 71.
[6] (./MCS4_System_TRM.lot

[7

])
\tf@lot=\write8
\openout8 = `MCS4_System_TRM.lot'.



LaTeX Font Info:    Kanji font shape `JY1/mc/m/sl' undefined
(Font)              No change on input line 72.
[8] (./MCS4_System_TRM.lol)
\tf@lol=\write9
\openout9 = `MCS4_System_TRM.lol'.



[9

]

[10

]
Chapter 1.
(./01_BirthOfMicro/BirthOfMicro.tex
LaTeX Font Info:    Font shape `JT1/mc/bx/n' in size <17.28> not available
(Font)              Font shape `JT1/gt/m/n' tried instead on input line 4.
LaTeX Font Info:    Font shape `JY1/mc/bx/n' in size <17.28> not available
(Font)              Font shape `JY1/gt/m/n' tried instead on input line 4.


[1

]
File: ./01_BirthOfMicro/./Figure/Outline_4004.png Graphic file (type bmp)
<./01_BirthOfMicro/./Figure/Outline_4004.png>
LaTeX Font Info:    Kanji font shape `JY1/mc/bx/it' undefined
(Font)              No change on input line 34.
File: ./01_BirthOfMicro/./Figure/Outline_MCS4Chipset.png Graphic file (type bmp
)
<./01_BirthOfMicro/./Figure/Outline_MCS4Chipset.png>
LaTeX Font Info:    Kanji font shape `JY1/mc/bx/it' undefined
(Font)              No change on input line 43.

Overfull \hbox (27.9857pt too wide) in paragraph at lines 31--46
[][]$[]$[]   []$[]$[] 
 []

LaTeX Font Info:    External font `lmex10' loaded for size
(Font)              <10> on input line 48.
LaTeX Font Info:    External font `lmex10' loaded for size
(Font)              <7> on input line 48.
LaTeX Font Info:    External font `lmex10' loaded for size
(Font)              <5> on input line 48.
File: ./01_BirthOfMicro/./Figure/DieShot_4004.png Graphic file (type bmp)
<./01_BirthOfMicro/./Figure/DieShot_4004.png>
LaTeX Font Info:    Kanji font shape `JY1/mc/bx/it' undefined
(Font)              No change on input line 54.

Overfull \hbox (5.10124pt too wide) in paragraph at lines 61--61
[]\T1/lmr/bx/n/17.28 The Birth of the Bu-si-com 141-PF Cal-cu-la-tor Pow-
 []

File: ./01_BirthOfMicro/./Figure/Busicom_141-PF.png Graphic file (type bmp)
<./01_BirthOfMicro/./Figure/Busicom_141-PF.png>
LaTeX Font Info:    Kanji font shape `JY1/mc/bx/it' undefined
(Font)              No change on input line 67.

Underfull \hbox (badness 10000) in paragraph at lines 71--71
[][]\T1/lmr/m/n/10 Source: Dentaku-Museum \JY1/mc/m/n/10  []$\T1/lmtt/m/n/10 
http : / / www . dentaku-[]museum . com / calc / calc / 10-[]busicom /
 []



LaTeX Font Info:    Kanji font shape `JY1/mc/m/sl' undefined
(Font)              No change on input line 74.
[2]

LaTeX Font Info:    Kanji font shape `JY1/mc/m/sl' undefined
(Font)              No change on input line 74.

Overfull \hbox (100.3544pt too wide) has occurred while \output is active
\T1/lmr/m/sl/12 1.7.  THE BIRTH OF THE BUSICOM 141-PF CALCULATOR POWERED BY THE
 MICROCOMPUTER \T1/lmr/m/n/12 3
 []

[3]
File: ./01_BirthOfMicro/./Figure/IntelMuseum.png Graphic file (type bmp)
<./01_BirthOfMicro/./Figure/IntelMuseum.png>
LaTeX Font Info:    Kanji font shape `JY1/mc/bx/it' undefined
(Font)              No change on input line 88.

Underfull \vbox (badness 10000) has occurred while \output is active []



LaTeX Font Info:    Kanji font shape `JY1/mc/m/sl' undefined
(Font)              No change on input line 90.
[4]
File: ./01_BirthOfMicro/./Figure/TK-80.png Graphic file (type bmp)
<./01_BirthOfMicro/./Figure/TK-80.png>
LaTeX Font Info:    Kanji font shape `JY1/mc/bx/it' undefined
(Font)              No change on input line 101.
)

LaTeX Font Info:    Kanji font shape `JY1/mc/m/sl' undefined
(Font)              No change on input line 90.
[5]

[6

]
Chapter 2.
(./02_MCS4ChipSet/MCS4ChipSet.tex

[7]
LaTeX Font Info:    Kanji font shape `JY1/mc/bx/it' undefined
(Font)              No change on input line 80.
LaTeX Font Info:    Font shape `JT1/mc/bx/n' in size <14.4> not available
(Font)              Font shape `JT1/gt/m/n' tried instead on input line 88.
LaTeX Font Info:    Font shape `JY1/mc/bx/n' in size <14.4> not available
(Font)              Font shape `JY1/gt/m/n' tried instead on input line 88.


LaTeX Warning: The counter will not be printed.
             The label is: \textbf {(\arabic *)} on input line 100.

LaTeX Font Info:    Font shape `JT1/mc/bx/n' in size <8> not available
(Font)              Font shape `JT1/gt/m/n' tried instead on input line 104.
LaTeX Font Info:    Font shape `JY1/mc/bx/n' in size <8> not available
(Font)              Font shape `JY1/gt/m/n' tried instead on input line 104.
LaTeX Font Info:    Font shape `JT1/mc/bx/n' in size <6> not available
(Font)              Font shape `JT1/gt/m/n' tried instead on input line 104.
LaTeX Font Info:    Font shape `JY1/mc/bx/n' in size <6> not available
(Font)              Font shape `JY1/gt/m/n' tried instead on input line 104.


LaTeX Font Info:    Kanji font shape `JY1/mc/m/sl' undefined
(Font)              No change on input line 116.
[8]

LaTeX Font Info:    Kanji font shape `JY1/mc/m/sl' undefined
(Font)              No change on input line 116.
[9]
File: ./02_MCS4ChipSet/./Figure/Pinout4004.png Graphic file (type bmp)
<./02_MCS4ChipSet/./Figure/Pinout4004.png>
LaTeX Font Info:    Kanji font shape `JY1/mc/bx/it' undefined
(Font)              No change on input line 126.


LaTeX Warning: The counter will not be printed.
             The label is: \textbf {(\arabic *)} on input line 145.



LaTeX Font Info:    Kanji font shape `JY1/mc/m/sl' undefined
(Font)              No change on input line 160.
[10]
File: ./02_MCS4ChipSet/./Figure/Pinout4001.png Graphic file (type bmp)
<./02_MCS4ChipSet/./Figure/Pinout4001.png>
LaTeX Font Info:    Kanji font shape `JY1/mc/bx/it' undefined
(Font)              No change on input line 171.
File: ./02_MCS4ChipSet/./Figure/Structure4001.png Graphic file (type bmp)
<./02_MCS4ChipSet/./Figure/Structure4001.png>
LaTeX Font Info:    Kanji font shape `JY1/mc/bx/it' undefined
(Font)              No change on input line 193.


LaTeX Font Info:    Kanji font shape `JY1/mc/m/sl' undefined
(Font)              No change on input line 209.
[11]
LaTeX Font Info:    Kanji font shape `JY1/mc/m/it' undefined
(Font)              No change on input line 212.


LaTeX Warning: The counter will not be printed.
             The label is: \textbf {(\arabic *)} on input line 224.


Underfull \vbox (badness 10000) has occurred while \output is active []



LaTeX Font Info:    Kanji font shape `JY1/mc/m/sl' undefined
(Font)              No change on input line 225.
[12]
Overfull \hbox (17.19562pt too wide) in paragraph at lines 237--239
[]$[]$ \T1/lmr/bx/n/12 (Com-mand Con-trol In-put for RAM): \T1/lmr/m/n/12 This 
ter-mi-nal con-nects to the $[]$
 []

File: ./02_MCS4ChipSet/./Figure/Pinout4002.png Graphic file (type bmp)
<./02_MCS4ChipSet/./Figure/Pinout4002.png>
LaTeX Font Info:    Kanji font shape `JY1/mc/bx/it' undefined
(Font)              No change on input line 250.
LaTeX Font Info:    Kanji font shape `JY1/mc/m/it' undefined
(Font)              No change on input line 259.


LaTeX Font Info:    Kanji font shape `JY1/mc/m/sl' undefined
(Font)              No change on input line 265.
[13]
File: ./02_MCS4ChipSet/./Figure/Structure4002.png Graphic file (type bmp)
<./02_MCS4ChipSet/./Figure/Structure4002.png>
LaTeX Font Info:    Kanji font shape `JY1/mc/bx/it' undefined
(Font)              No change on input line 272.
LaTeX Font Info:    Kanji font shape `JY1/mc/m/it' undefined
(Font)              No change on input line 280.
LaTeX Font Info:    Kanji font shape `JY1/mc/m/it' undefined
(Font)              No change on input line 280.
LaTeX Font Info:    Kanji font shape `JY1/mc/m/it' undefined
(Font)              No change on input line 280.
LaTeX Font Info:    Kanji font shape `JY1/mc/m/it' undefined
(Font)              No change on input line 280.
LaTeX Font Info:    Kanji font shape `JY1/mc/m/it' undefined
(Font)              No change on input line 280.

Underfull \hbox (badness 10000) in paragraph at lines 292--292
[]|\T1/lmr/bx/n/12 4002
 []


Underfull \hbox (badness 10000) in paragraph at lines 292--292
\T1/lmr/bx/n/12 Chip
 []


Underfull \hbox (badness 10000) in paragraph at lines 292--292
\T1/lmr/bx/n/12 within
 []

LaTeX Font Info:    Kanji font shape `JY1/mc/bx/it' undefined
(Font)              No change on input line 300.


LaTeX Font Info:    Kanji font shape `JY1/mc/m/sl' undefined
(Font)              No change on input line 310.
[14]

LaTeX Warning: The counter will not be printed.
             The label is: \textbf {(\arabic *)} on input line 317.

File: ./02_MCS4ChipSet/./Figure/Pinout4003.png Graphic file (type bmp)
<./02_MCS4ChipSet/./Figure/Pinout4003.png>
LaTeX Font Info:    Kanji font shape `JY1/mc/bx/it' undefined
(Font)              No change on input line 338.
File: ./02_MCS4ChipSet/./Figure/Structure4003.png Graphic file (type bmp)
<./02_MCS4ChipSet/./Figure/Structure4003.png>
LaTeX Font Info:    Kanji font shape `JY1/mc/bx/it' undefined
(Font)              No change on input line 357.


LaTeX Font Info:    Kanji font shape `JY1/mc/m/sl' undefined
(Font)              No change on input line 359.
[15]
File: ./02_MCS4ChipSet/./Figure/MCS4System(1).png Graphic file (type bmp)
<./02_MCS4ChipSet/./Figure/MCS4System(1).png>
LaTeX Font Info:    Kanji font shape `JY1/mc/bx/it' undefined
(Font)              No change on input line 373.
LaTeX Font Info:    Kanji font shape `JY1/mc/m/it' undefined
(Font)              No change on input line 374.


LaTeX Warning: `h' float specifier changed to `ht'.



LaTeX Font Info:    Kanji font shape `JY1/mc/m/sl' undefined
(Font)              No change on input line 408.
[16]
File: ./02_MCS4ChipSet/./Figure/MCS4System(2).png Graphic file (type bmp)
<./02_MCS4ChipSet/./Figure/MCS4System(2).png>
LaTeX Font Info:    Kanji font shape `JY1/mc/bx/it' undefined
(Font)              No change on input line 429.
LaTeX Font Info:    Kanji font shape `JY1/mc/m/it' undefined
(Font)              No change on input line 430.


LaTeX Warning: `h' float specifier changed to `ht'.



LaTeX Font Info:    Kanji font shape `JY1/mc/m/sl' undefined
(Font)              No change on input line 440.
[17]
LaTeX Font Info:    Kanji font shape `JY1/mc/bx/it' undefined
(Font)              No change on input line 458.
)

LaTeX Font Info:    Kanji font shape `JY1/mc/m/sl' undefined
(Font)              No change on input line 96.
[18]
Chapter 3.
(./03_CPUArchitecture/CPUArchitecture.tex
File: ./03_CPUArchitecture/./Figure/CPUProgrammersModel.png Graphic file (type 
bmp)
<./03_CPUArchitecture/./Figure/CPUProgrammersModel.png>
LaTeX Font Info:    Kanji font shape `JY1/mc/bx/it' undefined
(Font)              No change on input line 22.


LaTeX Warning: `h' float specifier changed to `ht'.



[19

]
File: ./03_CPUArchitecture/./Figure/CPUInstructionTiming.png Graphic file (type
 bmp)
<./03_CPUArchitecture/./Figure/CPUInstructionTiming.png>
LaTeX Font Info:    Kanji font shape `JY1/mc/bx/it' undefined
(Font)              No change on input line 55.


LaTeX Font Info:    Kanji font shape `JY1/mc/m/sl' undefined
(Font)              No change on input line 57.
[20]

LaTeX Font Info:    Kanji font shape `JY1/mc/m/sl' undefined
(Font)              No change on input line 67.
[21]
File: ./03_CPUArchitecture/./Table/ISA(1)Machine(1word).pdf Graphic file (type 
pdf)
<./03_CPUArchitecture/./Table/ISA(1)Machine(1word).pdf>
LaTeX Font Info:    Kanji font shape `JY1/mc/bx/it' undefined
(Font)              No change on input line 76.
File: ./03_CPUArchitecture/./Table/ISA(2)Machine(2word).pdf Graphic file (type 
pdf)
<./03_CPUArchitecture/./Table/ISA(2)Machine(2word).pdf>
LaTeX Font Info:    Kanji font shape `JY1/mc/bx/it' undefined
(Font)              No change on input line 83.
File: ./03_CPUArchitecture/./Table/ISA(3)DataAccess.pdf Graphic file (type pdf)

<./03_CPUArchitecture/./Table/ISA(3)DataAccess.pdf>
LaTeX Font Info:    Kanji font shape `JY1/mc/bx/it' undefined
(Font)              No change on input line 90.
File: ./03_CPUArchitecture/./Table/ISA(4)Accumulator.pdf Graphic file (type pdf
)
<./03_CPUArchitecture/./Table/ISA(4)Accumulator.pdf>
LaTeX Font Info:    Kanji font shape `JY1/mc/bx/it' undefined
(Font)              No change on input line 97.


LaTeX Font Info:    Kanji font shape `JY1/mc/m/sl' undefined
(Font)              No change on input line 133.
[22]

LaTeX Font Info:    Kanji font shape `JY1/mc/m/sl' undefined
(Font)              No change on input line 133.
[23]

LaTeX Font Info:    Kanji font shape `JY1/mc/m/sl' undefined
(Font)              No change on input line 133.
[24]

LaTeX Font Info:    Kanji font shape `JY1/mc/m/sl' undefined
(Font)              No change on input line 133.
[25]

LaTeX Font Info:    Kanji font shape `JY1/mc/m/sl' undefined
(Font)              No change on input line 133.
[26]
File: ./03_CPUArchitecture/./Figure/CPUInstructionFetch.png Graphic file (type 
bmp)
<./03_CPUArchitecture/./Figure/CPUInstructionFetch.png>
LaTeX Font Info:    Kanji font shape `JY1/mc/bx/it' undefined
(Font)              No change on input line 140.
File: ./03_CPUArchitecture/./Figure/CPUInstructionRead.png Graphic file (type b
mp)
<./03_CPUArchitecture/./Figure/CPUInstructionRead.png>
LaTeX Font Info:    Kanji font shape `JY1/mc/bx/it' undefined
(Font)              No change on input line 152.


LaTeX Font Info:    Kanji font shape `JY1/mc/m/sl' undefined
(Font)              No change on input line 160.
[27]
File: ./03_CPUArchitecture/./Table/DCLandCMRAM.pdf Graphic file (type pdf)
<./03_CPUArchitecture/./Table/DCLandCMRAM.pdf>
LaTeX Font Info:    Kanji font shape `JY1/mc/bx/it' undefined
(Font)              No change on input line 169.
File: ./03_CPUArchitecture/./Figure/DCLDecoder.png Graphic file (type bmp)
<./03_CPUArchitecture/./Figure/DCLDecoder.png>
LaTeX Font Info:    Kanji font shape `JY1/mc/bx/it' undefined
(Font)              No change on input line 176.
LaTeX Font Info:    Kanji font shape `JY1/mc/m/it' undefined
(Font)              No change on input line 177.


LaTeX Font Info:    Kanji font shape `JY1/mc/m/sl' undefined
(Font)              No change on input line 186.
[28]
File: ./03_CPUArchitecture/./Table/SRCAddressStructure.pdf Graphic file (type p
df)
<./03_CPUArchitecture/./Table/SRCAddressStructure.pdf>
LaTeX Font Info:    Kanji font shape `JY1/mc/bx/it' undefined
(Font)              No change on input line 197.


LaTeX Font Info:    Kanji font shape `JY1/mc/m/sl' undefined
(Font)              No change on input line 214.
[29]
File: ./03_CPUArchitecture/./Figure/CPUInstructionWrite.png Graphic file (type 
bmp)
<./03_CPUArchitecture/./Figure/CPUInstructionWrite.png>
LaTeX Font Info:    Kanji font shape `JY1/mc/bx/it' undefined
(Font)              No change on input line 224.


LaTeX Font Info:    Kanji font shape `JY1/mc/m/sl' undefined
(Font)              No change on input line 239.
[30]
File: ./03_CPUArchitecture/./Figure/CPUSubroutineCall.png Graphic file (type bm
p)
<./03_CPUArchitecture/./Figure/CPUSubroutineCall.png>
LaTeX Font Info:    Kanji font shape `JY1/mc/bx/it' undefined
(Font)              No change on input line 250.


LaTeX Font Info:    Kanji font shape `JY1/mc/m/sl' undefined
(Font)              No change on input line 264.
[31]

LaTeX Font Info:    Kanji font shape `JY1/mc/m/sl' undefined
(Font)              No change on input line 299.
[32])

LaTeX Font Info:    Kanji font shape `JY1/mc/m/sl' undefined
(Font)              No change on input line 102.
[33]

[34

]
Chapter 4.
(./04_CPUProgDevTool/CPUProgDevTool.tex

[35]
Package hyperref Info: bookmark level for unknown lstlisting defaults to 0 on i
nput line 104.


LaTeX Font Info:    Kanji font shape `JY1/mc/m/sl' undefined
(Font)              No change on input line 114.
[36]
Underfull \vbox (badness 10000) has occurred while \output is active []



LaTeX Font Info:    Kanji font shape `JY1/mc/m/sl' undefined
(Font)              No change on input line 188.
[37]
LaTeX Font Info:    Kanji font shape `JY1/mc/bx/it' undefined
(Font)              No change on input line 211.
File: ./04_CPUProgDevTool/./Table/ADS4004AssemblerSyntax.pdf Graphic file (type
 pdf)
<./04_CPUProgDevTool/./Table/ADS4004AssemblerSyntax.pdf>
LaTeX Font Info:    Kanji font shape `JY1/mc/bx/it' undefined
(Font)              No change on input line 217.
LaTeX Font Info:    Kanji font shape `JY1/mc/m/it' undefined
(Font)              No change on input line 218.
LaTeX Font Info:    Kanji font shape `JY1/mc/bx/it' undefined
(Font)              No change on input line 279.


LaTeX Font Info:    Kanji font shape `JY1/mc/m/sl' undefined
(Font)              No change on input line 297.
[38]

LaTeX Font Info:    Kanji font shape `JY1/mc/m/sl' undefined
(Font)              No change on input line 297.
[39]

LaTeX Font Info:    Kanji font shape `JY1/mc/m/sl' undefined
(Font)              No change on input line 341.
[40]
Underfull \hbox (badness 10000) in paragraph at lines 352--352
[]|\T1/lmr/bx/n/12 Command
 []


Underfull \hbox (badness 10000) in paragraph at lines 352--352
\T1/lmr/bx/n/12 (case-
 []


Underfull \hbox (badness 7186) in paragraph at lines 358--358
[]|\T1/lmr/m/n/12 Run un-til the Pro-gram
 []


Underfull \hbox (badness 10000) in paragraph at lines 361--361
[]|\T1/lmr/m/n/12 Execute one in-struc-tion
 []


Underfull \hbox (badness 10000) in paragraph at lines 365--365
[]|\T1/lmr/m/n/12 Show the state of
 []

LaTeX Font Info:    Kanji font shape `JY1/mc/bx/it' undefined
(Font)              No change on input line 368.
LaTeX Font Info:    Kanji font shape `JY1/mc/m/it' undefined
(Font)              No change on input line 416.
LaTeX Font Info:    Font shape `T1/lmtt/bx/n' in size <17.28> not available
(Font)              Font shape `T1/lmtt/b/n' tried instead on input line 419.
LaTeX Font Info:    Font shape `T1/lmtt/bx/n' in size <14.4> not available
(Font)              Font shape `T1/lmtt/b/n' tried instead on input line 421.


LaTeX Font Info:    Kanji font shape `JY1/mc/m/sl' undefined
(Font)              No change on input line 425.
[41]

LaTeX Font Info:    Kanji font shape `JY1/mc/m/sl' undefined
(Font)              No change on input line 488.
[42]
Underfull \vbox (badness 10000) has occurred while \output is active []



LaTeX Font Info:    Kanji font shape `JY1/mc/m/sl' undefined
(Font)              No change on input line 564.

Overfull \hbox (20.44405pt too wide) has occurred while \output is active
\T1/lmr/m/sl/12 4.5.  4004 CPU SAMPLE PROGRAM (1): MEMORY ACCESS PROGRAM ^^U \T
1/lmtt/m/sl/12 MEMTST.SRC \T1/lmr/m/n/12 43
 []

[43]
LaTeX Font Info:    Kanji font shape `JY1/mc/bx/it' undefined
(Font)              No change on input line 564.


LaTeX Font Info:    Kanji font shape `JY1/mc/m/sl' undefined
(Font)              No change on input line 610.
[44]

LaTeX Font Info:    Kanji font shape `JY1/mc/m/sl' undefined
(Font)              No change on input line 681.

Overfull \hbox (20.44405pt too wide) has occurred while \output is active
\T1/lmr/m/sl/12 4.5.  4004 CPU SAMPLE PROGRAM (1): MEMORY ACCESS PROGRAM ^^U \T
1/lmtt/m/sl/12 MEMTST.SRC \T1/lmr/m/n/12 45
 []

[45]

LaTeX Font Info:    Kanji font shape `JY1/mc/m/sl' undefined
(Font)              No change on input line 749.
[46]
LaTeX Font Info:    Kanji font shape `JY1/mc/bx/it' undefined
(Font)              No change on input line 754.
)

LaTeX Font Info:    Kanji font shape `JY1/mc/m/sl' undefined
(Font)              No change on input line 104.

Overfull \hbox (35.46556pt too wide) has occurred while \output is active
\T1/lmr/m/sl/12 4.6.  4004 CPU SAMPLE PROGRAM (2): BCD TO BINARY CONVERSION ^^U
 \T1/lmtt/m/sl/12 BCD2BIN.SRC \T1/lmr/m/n/12 47
 []

[47]

LaTeX Font Info:    Kanji font shape `JY1/mc/m/sl' undefined
(Font)              No change on input line 108.
[48]
Chapter 5.
(./05_MCS4LogicDesign/MCS4LogicDesign.tex

[49

]
LaTeX Font Info:    Trying to load font information for TS1+lmtt on input line 
35.
 (c:/texlive/2025/texmf-dist/tex/latex/lm/ts1lmtt.fd
File: ts1lmtt.fd 2015/05/01 v1.6.1 Font defs for Latin Modern
)
Overfull \hbox (21.94884pt too wide) in paragraph at lines 54--55
[]\T1/lmr/m/n/12 Afterward, the CPU se-quen-tially up-dates []\T1/lmtt/c/it/12 
state_next[7:0] []\T1/lmr/m/n/12 and trans-fers it to []\T1/lmtt/c/it/12 state[
7:0]
 []

File: ./05_MCS4LogicDesign/./Figure/SyncMethod.png Graphic file (type bmp)
<./05_MCS4LogicDesign/./Figure/SyncMethod.png>
LaTeX Font Info:    Kanji font shape `JY1/mc/bx/it' undefined
(Font)              No change on input line 68.
File: ./05_MCS4LogicDesign/./Table/SignalsMCS4CPU.png Graphic file (type bmp)
<./05_MCS4LogicDesign/./Table/SignalsMCS4CPU.png>
LaTeX Font Info:    Kanji font shape `JY1/mc/bx/it' undefined
(Font)              No change on input line 81.


LaTeX Font Info:    Kanji font shape `JY1/mc/m/sl' undefined
(Font)              No change on input line 83.
[50]
LaTeX Font Info:    Kanji font shape `JY1/mc/bx/it' undefined
(Font)              No change on input line 103.


LaTeX Font Info:    Kanji font shape `JY1/mc/m/sl' undefined
(Font)              No change on input line 134.
[51]
LaTeX Font Info:    Kanji font shape `JY1/mc/bx/it' undefined
(Font)              No change on input line 145.
LaTeX Font Info:    Kanji font shape `JY1/mc/bx/it' undefined
(Font)              No change on input line 175.
LaTeX Font Info:    Kanji font shape `JY1/mc/bx/it' undefined
(Font)              No change on input line 193.


LaTeX Font Info:    Kanji font shape `JY1/mc/m/sl' undefined
(Font)              No change on input line 202.
[52]
LaTeX Font Info:    Kanji font shape `JY1/mc/bx/it' undefined
(Font)              No change on input line 203.
LaTeX Font Info:    Kanji font shape `JY1/mc/bx/it' undefined
(Font)              No change on input line 244.


LaTeX Font Info:    Kanji font shape `JY1/mc/m/sl' undefined
(Font)              No change on input line 268.
[53]
LaTeX Font Info:    Kanji font shape `JY1/mc/bx/it' undefined
(Font)              No change on input line 284.
LaTeX Font Info:    Kanji font shape `JY1/mc/bx/it' undefined
(Font)              No change on input line 305.


LaTeX Font Info:    Kanji font shape `JY1/mc/m/sl' undefined
(Font)              No change on input line 333.
[54]
LaTeX Font Info:    Kanji font shape `JY1/mc/bx/it' undefined
(Font)              No change on input line 381.
LaTeX Font Info:    Kanji font shape `JY1/mc/bx/it' undefined
(Font)              No change on input line 405.


LaTeX Font Info:    Kanji font shape `JY1/mc/m/sl' undefined
(Font)              No change on input line 405.
[55]
LaTeX Font Info:    Kanji font shape `JY1/mc/bx/it' undefined
(Font)              No change on input line 428.
LaTeX Font Info:    Kanji font shape `JY1/mc/bx/it' undefined
(Font)              No change on input line 457.


LaTeX Font Info:    Kanji font shape `JY1/mc/m/sl' undefined
(Font)              No change on input line 476.
[56]
LaTeX Font Info:    Kanji font shape `JY1/mc/bx/it' undefined
(Font)              No change on input line 506.
LaTeX Font Info:    Kanji font shape `JY1/mc/bx/it' undefined
(Font)              No change on input line 532.


LaTeX Font Info:    Kanji font shape `JY1/mc/m/sl' undefined
(Font)              No change on input line 547.
[57]
LaTeX Font Info:    Kanji font shape `JY1/mc/bx/it' undefined
(Font)              No change on input line 552.
LaTeX Font Info:    Kanji font shape `JY1/mc/bx/it' undefined
(Font)              No change on input line 573.
LaTeX Font Info:    Kanji font shape `JY1/mc/bx/it' undefined
(Font)              No change on input line 594.


LaTeX Font Info:    Kanji font shape `JY1/mc/m/sl' undefined
(Font)              No change on input line 613.
[58]
LaTeX Font Info:    Kanji font shape `JY1/mc/bx/it' undefined
(Font)              No change on input line 623.
LaTeX Font Info:    Kanji font shape `JY1/mc/bx/it' undefined
(Font)              No change on input line 643.
LaTeX Font Info:    Kanji font shape `JY1/mc/bx/it' undefined
(Font)              No change on input line 663.


LaTeX Font Info:    Kanji font shape `JY1/mc/m/sl' undefined
(Font)              No change on input line 678.
[59]
LaTeX Font Info:    Kanji font shape `JY1/mc/bx/it' undefined
(Font)              No change on input line 684.


LaTeX Font Info:    Kanji font shape `JY1/mc/m/sl' undefined
(Font)              No change on input line 748.
[60]
Underfull \vbox (badness 10000) has occurred while \output is active []



LaTeX Font Info:    Kanji font shape `JY1/mc/m/sl' undefined
(Font)              No change on input line 824.
[61]
Underfull \vbox (badness 10000) has occurred while \output is active []



LaTeX Font Info:    Kanji font shape `JY1/mc/m/sl' undefined
(Font)              No change on input line 900.
[62]
Underfull \vbox (badness 10000) has occurred while \output is active []



LaTeX Font Info:    Kanji font shape `JY1/mc/m/sl' undefined
(Font)              No change on input line 976.
[63]
Underfull \vbox (badness 10000) has occurred while \output is active []



LaTeX Font Info:    Kanji font shape `JY1/mc/m/sl' undefined
(Font)              No change on input line 1052.
[64]
Underfull \vbox (badness 10000) has occurred while \output is active []



LaTeX Font Info:    Kanji font shape `JY1/mc/m/sl' undefined
(Font)              No change on input line 1128.
[65]
LaTeX Font Info:    Kanji font shape `JY1/mc/bx/it' undefined
(Font)              No change on input line 1137.
LaTeX Font Info:    Kanji font shape `JY1/mc/bx/it' undefined
(Font)              No change on input line 1145.
File: ./05_MCS4LogicDesign/./Table/SignalsMCS4ROM.png Graphic file (type bmp)
<./05_MCS4LogicDesign/./Table/SignalsMCS4ROM.png>
LaTeX Font Info:    Kanji font shape `JY1/mc/bx/it' undefined
(Font)              No change on input line 1164.


LaTeX Font Info:    Kanji font shape `JY1/mc/m/sl' undefined
(Font)              No change on input line 1179.
[66]
Overfull \hbox (19.10504pt too wide) in paragraph at lines 1198--1199
[]\T1/lmr/m/n/12 Set tar-get ad-dress via []\T1/lmtt/c/it/12 ROM_INIT_ADDR[11:0
] []\T1/lmr/m/n/12 and write data via []\T1/lmtt/c/it/12 ROM_INIT_WDATA[7:0][]\
T1/lmr/m/n/12 ,
 []

LaTeX Font Info:    Kanji font shape `JY1/mc/m/it' undefined
(Font)              No change on input line 1215.


LaTeX Font Info:    Kanji font shape `JY1/mc/m/sl' undefined
(Font)              No change on input line 1224.
[67]
File: ./05_MCS4LogicDesign/./Figure/MCS4ROMMetalOption.png Graphic file (type b
mp)
<./05_MCS4LogicDesign/./Figure/MCS4ROMMetalOption.png>
LaTeX Font Info:    Kanji font shape `JY1/mc/bx/it' undefined
(Font)              No change on input line 1228.


LaTeX Font Info:    Kanji font shape `JY1/mc/m/sl' undefined
(Font)              No change on input line 1255.
[68]
File: ./05_MCS4LogicDesign/./Table/SignalsMCS4RAM.png Graphic file (type bmp)
<./05_MCS4LogicDesign/./Table/SignalsMCS4RAM.png>
LaTeX Font Info:    Kanji font shape `JY1/mc/bx/it' undefined
(Font)              No change on input line 1267.
File: ./05_MCS4LogicDesign/./Table/DecodeCMRAM.png Graphic file (type bmp)
<./05_MCS4LogicDesign/./Table/DecodeCMRAM.png>
LaTeX Font Info:    Kanji font shape `JY1/mc/bx/it' undefined
(Font)              No change on input line 1281.


LaTeX Font Info:    Kanji font shape `JY1/mc/m/sl' undefined
(Font)              No change on input line 1301.
[69]

LaTeX Font Info:    Kanji font shape `JY1/mc/m/sl' undefined
(Font)              No change on input line 1329.
[70]
File: ./05_MCS4LogicDesign/./Table/SignalsMCS4SHIFTER.png Graphic file (type bm
p)
<./05_MCS4LogicDesign/./Table/SignalsMCS4SHIFTER.png>
LaTeX Font Info:    Kanji font shape `JY1/mc/bx/it' undefined
(Font)              No change on input line 1345.
)

LaTeX Font Info:    Kanji font shape `JY1/mc/m/sl' undefined
(Font)              No change on input line 114.
[71]

[72

]
Chapter 6.
(./06_Busicom141PF/Busicom141PF.tex
File: ./06_Busicom141PF/./Figure/Busicom141PFKEYSW.png Graphic file (type bmp)
<./06_Busicom141PF/./Figure/Busicom141PFKEYSW.png>
LaTeX Font Info:    Kanji font shape `JY1/mc/bx/it' undefined
(Font)              No change on input line 11.
LaTeX Font Info:    Kanji font shape `JY1/mc/m/it' undefined
(Font)              No change on input line 13.


[73]
File: ./06_Busicom141PF/./Figure/MCS4SystemBlockDiagram.png Graphic file (type 
bmp)
<./06_Busicom141PF/./Figure/MCS4SystemBlockDiagram.png>
LaTeX Font Info:    Kanji font shape `JY1/mc/bx/it' undefined
(Font)              No change on input line 30.
File: ./06_Busicom141PF/./Table/MCS4SystemSpec.png Graphic file (type bmp)
<./06_Busicom141PF/./Table/MCS4SystemSpec.png>
LaTeX Font Info:    Kanji font shape `JY1/mc/bx/it' undefined
(Font)              No change on input line 37.


LaTeX Font Info:    Kanji font shape `JY1/mc/m/sl' undefined
(Font)              No change on input line 49.
[74]
File: ./06_Busicom141PF/./Figure/DE10LITE.png Graphic file (type bmp)
<./06_Busicom141PF/./Figure/DE10LITE.png>
LaTeX Font Info:    Kanji font shape `JY1/mc/bx/it' undefined
(Font)              No change on input line 71.
LaTeX Font Info:    Kanji font shape `JY1/mc/m/it' undefined
(Font)              No change on input line 72.


LaTeX Font Info:    Kanji font shape `JY1/mc/m/sl' undefined
(Font)              No change on input line 74.
[75]
File: ./06_Busicom141PF/./Figure/LCDPanelCapacitive.png Graphic file (type bmp)

<./06_Busicom141PF/./Figure/LCDPanelCapacitive.png>
LaTeX Font Info:    Kanji font shape `JY1/mc/bx/it' undefined
(Font)              No change on input line 89.
LaTeX Font Info:    Kanji font shape `JY1/mc/m/it' undefined
(Font)              No change on input line 90.
LaTeX Font Info:    Kanji font shape `JY1/mc/m/it' undefined
(Font)              No change on input line 91.
File: ./06_Busicom141PF/./Figure/LCDPanelResistive.png Graphic file (type bmp)
<./06_Busicom141PF/./Figure/LCDPanelResistive.png>
LaTeX Font Info:    Kanji font shape `JY1/mc/bx/it' undefined
(Font)              No change on input line 99.
LaTeX Font Info:    Kanji font shape `JY1/mc/m/it' undefined
(Font)              No change on input line 100.
LaTeX Font Info:    Kanji font shape `JY1/mc/m/it' undefined
(Font)              No change on input line 101.


LaTeX Font Info:    Kanji font shape `JY1/mc/m/sl' undefined
(Font)              No change on input line 115.
[76]

LaTeX Font Info:    Kanji font shape `JY1/mc/m/sl' undefined
(Font)              No change on input line 115.
[77]
File: ./06_Busicom141PF/./Table/SignalsMCS4SYS.png Graphic file (type bmp)
<./06_Busicom141PF/./Table/SignalsMCS4SYS.png>
LaTeX Font Info:    Kanji font shape `JY1/mc/bx/it' undefined
(Font)              No change on input line 127.
File: ./06_Busicom141PF/./Table/SignalsKEYPRINTER.png Graphic file (type bmp)
<./06_Busicom141PF/./Table/SignalsKEYPRINTER.png>
LaTeX Font Info:    Kanji font shape `JY1/mc/bx/it' undefined
(Font)              No change on input line 134.


LaTeX Font Info:    Kanji font shape `JY1/mc/m/sl' undefined
(Font)              No change on input line 144.
[78]
File: ./06_Busicom141PF/./Figure/IOBlock141PF.png Graphic file (type bmp)
<./06_Busicom141PF/./Figure/IOBlock141PF.png>
LaTeX Font Info:    Kanji font shape `JY1/mc/bx/it' undefined
(Font)              No change on input line 164.
File: ./06_Busicom141PF/./Table/ROMRAMPort.png Graphic file (type bmp)
<./06_Busicom141PF/./Table/ROMRAMPort.png>
LaTeX Font Info:    Kanji font shape `JY1/mc/bx/it' undefined
(Font)              No change on input line 171.
File: ./06_Busicom141PF/./Table/Usage4003.png Graphic file (type bmp)
<./06_Busicom141PF/./Table/Usage4003.png>
LaTeX Font Info:    Kanji font shape `JY1/mc/bx/it' undefined
(Font)              No change on input line 178.


LaTeX Font Info:    Kanji font shape `JY1/mc/m/sl' undefined
(Font)              No change on input line 186.
[79]

LaTeX Font Info:    Kanji font shape `JY1/mc/m/sl' undefined
(Font)              No change on input line 186.
[80]
Overfull \hbox (1.12466pt too wide) in paragraph at lines 187--188
[]\T1/lmr/m/n/12 As shown at the top of Fig-ure []6.6[], the 4003 #0 shift reg-
is-ter gen-er-ates the KBC0^^UKBC9
 []

File: ./06_Busicom141PF/./Table/KEYBOARD.png Graphic file (type bmp)
<./06_Busicom141PF/./Table/KEYBOARD.png>
LaTeX Font Info:    Kanji font shape `JY1/mc/bx/it' undefined
(Font)              No change on input line 202.


LaTeX Font Info:    Kanji font shape `JY1/mc/m/sl' undefined
(Font)              No change on input line 210.
[81]
File: ./06_Busicom141PF/./Figure/PrintingMechanism.png Graphic file (type bmp)
<./06_Busicom141PF/./Figure/PrintingMechanism.png>
LaTeX Font Info:    Kanji font shape `JY1/mc/bx/it' undefined
(Font)              No change on input line 216.
File: ./06_Busicom141PF/./Table/PrinterDrum.png Graphic file (type bmp)
<./06_Busicom141PF/./Table/PrinterDrum.png>
LaTeX Font Info:    Kanji font shape `JY1/mc/bx/it' undefined
(Font)              No change on input line 236.


LaTeX Font Info:    Kanji font shape `JY1/mc/m/sl' undefined
(Font)              No change on input line 246.
[82]
File: ./06_Busicom141PF/./Table/PrintSequence.png Graphic file (type bmp)
<./06_Busicom141PF/./Table/PrintSequence.png>
LaTeX Font Info:    Kanji font shape `JY1/mc/bx/it' undefined
(Font)              No change on input line 264.

Overfull \hbox (9.95207pt too wide) in paragraph at lines 271--272
\T1/lmr/m/n/12 Before a char-ac-ter is struck by the ham-mer, the print-ing col
or is spec-i-fied via the \T1/lmtt/c/it/12 PRINTING_-
 []



LaTeX Font Info:    Kanji font shape `JY1/mc/m/sl' undefined
(Font)              No change on input line 272.
[83]
File: ./06_Busicom141PF/./Table/PORTKEYPRTCMD.png Graphic file (type bmp)
<./06_Busicom141PF/./Table/PORTKEYPRTCMD.png>
LaTeX Font Info:    Kanji font shape `JY1/mc/bx/it' undefined
(Font)              No change on input line 298.
File: ./06_Busicom141PF/./Table/PORTKEYPRTRES.png Graphic file (type bmp)
<./06_Busicom141PF/./Table/PORTKEYPRTRES.png>
LaTeX Font Info:    Kanji font shape `JY1/mc/bx/it' undefined
(Font)              No change on input line 305.


LaTeX Font Info:    Kanji font shape `JY1/mc/m/sl' undefined
(Font)              No change on input line 313.
[84]

LaTeX Font Info:    Kanji font shape `JY1/mc/m/sl' undefined
(Font)              No change on input line 332.
[85]
Overfull \hbox (5.94374pt too wide) in paragraph at lines 350--352
\T1/lmr/m/n/12 from []$\T1/lmtt/c/it/12 http : / / www . 4004 . com / assets / 
busicom-[]141pf-[]simulator-[]w-[]flowchart-[]071113 .
 []


Overfull \hbox (4.7897pt too wide) in paragraph at lines 353--355
\T1/lmr/m/n/12 loaded from []$\T1/lmtt/c/it/12 http : / / www . 4004 . com / 20
09 / Busicom-[]141PF-[]Calculator _ asm _ rel-[]1-[]0-[]1 .
 []



LaTeX Font Info:    Kanji font shape `JY1/mc/m/sl' undefined
(Font)              No change on input line 357.
[86]
Overfull \hbox (16.96504pt too wide) in paragraph at lines 358--359
\T1/lmr/m/n/12 dresses 0x000^^U0x3FF). The square root pro-gram oc-cu-pies 256 
bytes (ad-dresses 0x400^^U0x4FF).
 []

LaTeX Font Info:    Kanji font shape `JY1/mc/bx/it' undefined
(Font)              No change on input line 390.


LaTeX Font Info:    Kanji font shape `JY1/mc/m/sl' undefined
(Font)              No change on input line 395.
[87]
File: ./06_Busicom141PF/./Table/EXTGPIO0.png Graphic file (type bmp)
<./06_Busicom141PF/./Table/EXTGPIO0.png>
LaTeX Font Info:    Kanji font shape `JY1/mc/bx/it' undefined
(Font)              No change on input line 399.
File: ./06_Busicom141PF/./Table/EXTGPIO1.png Graphic file (type bmp)
<./06_Busicom141PF/./Table/EXTGPIO1.png>
LaTeX Font Info:    Kanji font shape `JY1/mc/bx/it' undefined
(Font)              No change on input line 406.
File: ./06_Busicom141PF/./Table/EXTGPIO2.png Graphic file (type bmp)
<./06_Busicom141PF/./Table/EXTGPIO2.png>
LaTeX Font Info:    Kanji font shape `JY1/mc/bx/it' undefined
(Font)              No change on input line 413.
File: ./06_Busicom141PF/./Table/INTGPIO3.png Graphic file (type bmp)
<./06_Busicom141PF/./Table/INTGPIO3.png>
LaTeX Font Info:    Kanji font shape `JY1/mc/bx/it' undefined
(Font)              No change on input line 420.
File: ./06_Busicom141PF/./Table/INTGPIO4.png Graphic file (type bmp)
<./06_Busicom141PF/./Table/INTGPIO4.png>
LaTeX Font Info:    Kanji font shape `JY1/mc/bx/it' undefined
(Font)              No change on input line 427.
File: ./06_Busicom141PF/./Table/INTGPIO5.png Graphic file (type bmp)
<./06_Busicom141PF/./Table/INTGPIO5.png>
LaTeX Font Info:    Kanji font shape `JY1/mc/bx/it' undefined
(Font)              No change on input line 434.


LaTeX Font Info:    Kanji font shape `JY1/mc/m/sl' undefined
(Font)              No change on input line 452.
[88]

LaTeX Font Info:    Kanji font shape `JY1/mc/m/sl' undefined
(Font)              No change on input line 452.
[89]

LaTeX Font Info:    Kanji font shape `JY1/mc/m/sl' undefined
(Font)              No change on input line 452.
[90]

LaTeX Font Info:    Kanji font shape `JY1/mc/m/sl' undefined
(Font)              No change on input line 470.
[91]
Overfull \hbox (4.8525pt too wide) in paragraph at lines 481--482
\T1/lmr/m/n/12 The RTL de-scrip-tion of the \T1/lmtt/c/it/12 MCS4_-ROM \T1/lmr/
m/n/12 mod-ule ini-tial-izes the ROM mem-ory with \T1/lmtt/c/it/12 4001.code\T1
/lmr/m/n/12 .
 []


Overfull \hbox (179.28088pt too wide) in paragraph at lines 491--491
 []    \T1/lmtt/c/it/12 $ ../SOFTWARE/tools/hex2v.exe ../SOFTWARE/ADS4004/test.
src.hex > ../RTL/MCS4/test.src.hex.code 
 []



LaTeX Font Info:    Kanji font shape `JY1/mc/m/sl' undefined
(Font)              No change on input line 506.
[92]
File: ./06_Busicom141PF/./Figure/WAVE141PF.png Graphic file (type bmp)
<./06_Busicom141PF/./Figure/WAVE141PF.png>
LaTeX Font Info:    Kanji font shape `JY1/mc/bx/it' undefined
(Font)              No change on input line 527.

Overfull \hbox (15.53195pt too wide) in paragraph at lines 536--536
[]\T1/lmr/bx/n/14.4 Logical Sim-u-la-tion of the En-tire FPGA Sys-tem Us-ing Qu
esta 
 []



LaTeX Font Info:    Kanji font shape `JY1/mc/m/sl' undefined
(Font)              No change on input line 538.
[93]
File: ./06_Busicom141PF/./Figure/WAVEFPGA.png Graphic file (type bmp)
<./06_Busicom141PF/./Figure/WAVEFPGA.png>
LaTeX Font Info:    Kanji font shape `JY1/mc/bx/it' undefined
(Font)              No change on input line 558.


LaTeX Font Info:    Kanji font shape `JY1/mc/m/sl' undefined
(Font)              No change on input line 570.
[94]
Overfull \hbox (48.41599pt too wide) in paragraph at lines 574--575
[]\T1/lmr/m/n/12 After a suc-cess-ful syn-the-sis with-out any er-rors, gen-er-
ate the con-fig-u-ra-tion file (\T1/lmtt/c/it/12 FPGA/output_-
 []


LaTeX Warning: Reference `EXTGPIO0' on page 95 undefined on input line 580.


LaTeX Warning: Reference `EXTGPIO2' on page 95 undefined on input line 580.

File: ./06_Busicom141PF/./Table/EXTFPGARISCV.png Graphic file (type bmp)
<./06_Busicom141PF/./Table/EXTFPGARISCV.png>
LaTeX Font Info:    Kanji font shape `JY1/mc/bx/it' undefined
(Font)              No change on input line 587.
File: ./06_Busicom141PF/./Table/EXTFPGAMCS4CPU.png Graphic file (type bmp)
<./06_Busicom141PF/./Table/EXTFPGAMCS4CPU.png>
LaTeX Font Info:    Kanji font shape `JY1/mc/bx/it' undefined
(Font)              No change on input line 594.

Overfull \hbox (8.45004pt too wide) in paragraph at lines 605--606
 []\T1/lmr/bx/n/12 Case C:[] \T1/lmr/m/n/12 When con-nect-ing an ex-ter-nal de-
vice with equiv-a-lent func-tion-al-ity to the MCS4_-
 []

File: ./06_Busicom141PF/./Figure/FPGACASEA.png Graphic file (type bmp)
<./06_Busicom141PF/./Figure/FPGACASEA.png>
LaTeX Font Info:    Kanji font shape `JY1/mc/bx/it' undefined
(Font)              No change on input line 612.
File: ./06_Busicom141PF/./Figure/FPGACASEB.png Graphic file (type bmp)
<./06_Busicom141PF/./Figure/FPGACASEB.png>
LaTeX Font Info:    Kanji font shape `JY1/mc/bx/it' undefined
(Font)              No change on input line 619.
File: ./06_Busicom141PF/./Figure/FPGACASEC.png Graphic file (type bmp)
<./06_Busicom141PF/./Figure/FPGACASEC.png>
LaTeX Font Info:    Kanji font shape `JY1/mc/bx/it' undefined
(Font)              No change on input line 626.


LaTeX Font Info:    Kanji font shape `JY1/mc/m/sl' undefined
(Font)              No change on input line 634.
[95]

LaTeX Font Info:    Kanji font shape `JY1/mc/m/sl' undefined
(Font)              No change on input line 634.
[96]

LaTeX Font Info:    Kanji font shape `JY1/mc/m/sl' undefined
(Font)              No change on input line 634.
[97]
Overfull \hbox (3.33508pt too wide) in paragraph at lines 635--636
[]\T1/lmr/m/n/12 This in-ter-face board also pro-vides USB-UART con-ver-sion fu
nc-tion-al-ity, en-abling UART
 []

File: ./06_Busicom141PF/./Figure/FPGAJTAG.png Graphic file (type bmp)
<./06_Busicom141PF/./Figure/FPGAJTAG.png>
LaTeX Font Info:    Kanji font shape `JY1/mc/bx/it' undefined
(Font)              No change on input line 640.
File: ./06_Busicom141PF/./Figure/USBJTAG.png Graphic file (type bmp)
<./06_Busicom141PF/./Figure/USBJTAG.png>
LaTeX Font Info:    Kanji font shape `JY1/mc/bx/it' undefined
(Font)              No change on input line 647.

LaTeX Warning: Reference `USAGE141PFCALC' on page 98 undefined on input line 65
4.


LaTeX Warning: Reference `USAGE141PFMEM' on page 98 undefined on input line 654
.

LaTeX Font Info:    Kanji font shape `JY1/gt/m/it' undefined
(Font)              No change on input line 656.


LaTeX Font Info:    Kanji font shape `JY1/mc/m/sl' undefined
(Font)              No change on input line 667.
[98]

LaTeX Font Info:    Kanji font shape `JY1/mc/m/sl' undefined
(Font)              No change on input line 667.
[99]
File: ./06_Busicom141PF/./Figure/USAGE141PFCALC.png Graphic file (type bmp)
<./06_Busicom141PF/./Figure/USAGE141PFCALC.png>
LaTeX Font Info:    Kanji font shape `JY1/mc/bx/it' undefined
(Font)              No change on input line 674.
File: ./06_Busicom141PF/./Figure/USAGE141PFMEM.png Graphic file (type bmp)
<./06_Busicom141PF/./Figure/USAGE141PFMEM.png>
LaTeX Font Info:    Kanji font shape `JY1/mc/bx/it' undefined
(Font)              No change on input line 681.


LaTeX Font Info:    Kanji font shape `JY1/mc/m/sl' undefined
(Font)              No change on input line 696.
[100]
File: ./06_Busicom141PF/./Table/OperationTerminal.png Graphic file (type bmp)
<./06_Busicom141PF/./Table/OperationTerminal.png>
LaTeX Font Info:    Kanji font shape `JY1/mc/bx/it' undefined
(Font)              No change on input line 709.
File: ./06_Busicom141PF/./Figure/LED7SEG.png Graphic file (type bmp)
<./06_Busicom141PF/./Figure/LED7SEG.png>
LaTeX Font Info:    Kanji font shape `JY1/mc/bx/it' undefined
(Font)              No change on input line 719.
LaTeX Font Info:    Kanji font shape `JY1/mc/m/it' undefined
(Font)              No change on input line 721.

Underfull \vbox (badness 2762) has occurred while \output is active []



LaTeX Font Info:    Kanji font shape `JY1/mc/m/sl' undefined
(Font)              No change on input line 741.

Overfull \hbox (22.83188pt too wide) has occurred while \output is active
\T1/lmr/m/sl/12 6.12.  OPERATION METHOD USING A SERIAL TERMINAL IN THIS FPGA SY
STEM \T1/lmr/m/n/12 101
 []

[101]

LaTeX Font Info:    Kanji font shape `JY1/mc/m/sl' undefined
(Font)              No change on input line 741.
[102]
File: ./06_Busicom141PF/./Figure/OperationTouchLCD.png Graphic file (type bmp)
<./06_Busicom141PF/./Figure/OperationTouchLCD.png>
LaTeX Font Info:    Kanji font shape `JY1/mc/bx/it' undefined
(Font)              No change on input line 762.
)

LaTeX Font Info:    Kanji font shape `JY1/mc/m/sl' undefined
(Font)              No change on input line 120.

Overfull \hbox (45.6866pt too wide) has occurred while \output is active
\T1/lmr/m/sl/12 6.13.  OPERATION METHOD USING THE TOUCH LCD SHIELD IN THIS FPGA
 SYSTEM \T1/lmr/m/n/12 103
 []

[103]

LaTeX Font Info:    Kanji font shape `JY1/mc/m/sl' undefined
(Font)              No change on input line 120.
[104]
Chapter 7.
(./07_PI4004/PI4004.tex

[105

]
LaTeX Font Info:    Kanji font shape `JY1/mc/bx/it' undefined
(Font)              No change on input line 113.


LaTeX Warning: `!h' float specifier changed to `!ht'.



LaTeX Font Info:    Kanji font shape `JY1/mc/m/sl' undefined
(Font)              No change on input line 124.

Overfull \hbox (37.6115pt too wide) has occurred while \output is active
\T1/lmr/m/n/12 106 \T1/lmr/m/sl/12 CHAPTER 7.  A CHALLENGE: CALCULATING 500 DIG
ITS OF PI WITH THE 4004 CPU
 []

[106]

LaTeX Font Info:    Kanji font shape `JY1/mc/m/sl' undefined
(Font)              No change on input line 161.
[107])

LaTeX Font Info:    Kanji font shape `JY1/mc/m/sl' undefined
(Font)              No change on input line 126.

Overfull \hbox (37.6115pt too wide) has occurred while \output is active
\T1/lmr/m/n/12 108 \T1/lmr/m/sl/12 CHAPTER 7.  A CHALLENGE: CALCULATING 500 DIG
ITS OF PI WITH THE 4004 CPU
 []

[108]
Chapter 8.
(./MCS4_System_TRM.bbl

[109

]

[110

]
LaTeX Font Info:    Kanji font shape `JY1/gt/m/it' undefined
(Font)              No change on input line 5.
LaTeX Font Info:    Kanji font shape `JY1/gt/m/it' undefined
(Font)              No change on input line 11.
LaTeX Font Info:    Kanji font shape `JY1/gt/m/it' undefined
(Font)              No change on input line 17.
)

[111]

[112

]

[113

] (./99_Back/back.tex
File: ./99_Back/./Logo/mmRISC_Logo.png Graphic file (type bmp)
<./99_Back/./Logo/mmRISC_Logo.png>
)

[114] (./MCS4_System_TRM.aux
\tabRowHeight@A=\dimen329
\tabRowHeight@B=\dimen330
\tabRowHeight@C=\dimen331
)
 ***********
pLaTeX2e <2023-02-14>+1, based on
LaTeX2e <2025-06-01> patch level 1
L3 programming layer <2025-06-09>
 ***********


LaTeX Font Warning: Some font shapes were not available, defaults substituted.


LaTeX Warning: There were undefined references.

Package rerunfilecheck Info: File `MCS4_System_TRM.out' has not changed.
(rerunfilecheck)             Checksum: 88ABED81BD6A7D29857E84426A71C718;19057.
 ) 
Here is how much of TeX's memory you used:
 25392 strings out of 468532
 464362 string characters out of 5452746
 976426 words of memory out of 5000000
 53266 multiletter control sequences out of 15000+600000
 742486 words of font info for 143 fonts, out of 8000000 for 9000
 929 hyphenation exceptions out of 8191
 105i,15n,117p,1229b,2207s stack positions out of 10000i,1000n,20000p,200000b,200000s

Output written on MCS4_System_TRM.dvi (124 pages, 643068 bytes).
